-0.50000 	0 	0.0000 	0
-0.49950 	0 	0.0000 	0
-0.49900 	0 	0.0000 	0
-0.49850 	0 	0.0000 	0
-0.49800 	0 	0.0000 	0
-0.49750 	0 	0.0000 	0
-0.49700 	0 	0.0000 	0
-0.49650 	0 	0.0000 	0
-0.49600 	0 	0.0000 	0
-0.49550 	0 	0.0000 	0
-0.49500 	0 	0.0000 	0
-0.49450 	0 	0.0000 	0
-0.49400 	0 	0.0000 	0
-0.49350 	0 	0.0000 	0
-0.49300 	0 	0.0000 	0
-0.49250 	0 	0.0000 	0
-0.49200 	0 	0.0000 	0
-0.49150 	0 	0.0000 	0
-0.49100 	0 	0.0000 	0
-0.49050 	0 	0.0000 	0
-0.49000 	0 	0.0000 	0
-0.48950 	0 	0.0000 	0
-0.48900 	0 	0.0000 	0
-0.48850 	0 	0.0000 	0
-0.48800 	0 	0.0000 	0
-0.48750 	0 	0.0000 	0
-0.48700 	0 	0.0000 	0
-0.48650 	0 	0.0000 	0
-0.48600 	0 	0.0000 	0
-0.48550 	0 	0.0000 	0
-0.48500 	0 	0.0000 	0
-0.48450 	0 	0.0000 	0
-0.48400 	0 	0.0000 	0
-0.48350 	0 	0.0000 	0
-0.48300 	0 	0.0000 	0
-0.48250 	0 	0.0000 	0
-0.48200 	0 	0.0000 	0
-0.48150 	0 	0.0000 	0
-0.48100 	0 	0.0000 	0
-0.48050 	0 	0.0000 	0
-0.48000 	0 	0.0000 	0
-0.47950 	0 	0.0000 	0
-0.47900 	0 	0.0000 	0
-0.47850 	0 	0.0000 	0
-0.47800 	0 	0.0000 	0
-0.47750 	0 	0.0000 	0
-0.47700 	0 	0.0000 	0
-0.47650 	0 	0.0000 	0
-0.47600 	0 	0.0000 	0
-0.47550 	0 	0.0000 	0
-0.47500 	0 	0.0000 	0
-0.47450 	0 	0.0000 	0
-0.47400 	0 	0.0000 	0
-0.47350 	0 	0.0000 	0
-0.47300 	0 	0.0000 	0
-0.47250 	0 	0.0000 	0
-0.47200 	0 	0.0000 	0
-0.47150 	0 	0.0000 	0
-0.47100 	0 	0.0000 	0
-0.47050 	0 	0.0000 	0
-0.47000 	0 	0.0000 	0
-0.46950 	0 	0.0000 	0
-0.46900 	0 	0.0000 	0
-0.46850 	0 	0.0000 	0
-0.46800 	0 	0.0000 	0
-0.46750 	0 	0.0000 	0
-0.46700 	0 	0.0000 	0
-0.46650 	0 	0.0000 	0
-0.46600 	0 	0.0000 	0
-0.46550 	0 	0.0000 	0
-0.46500 	0 	0.0000 	0
-0.46450 	0 	0.0000 	0
-0.46400 	0 	0.0000 	0
-0.46350 	0 	0.0000 	0
-0.46300 	0 	0.0000 	0
-0.46250 	0 	0.0000 	0
-0.46200 	0 	0.0000 	0
-0.46150 	0 	0.0000 	0
-0.46100 	0 	0.0000 	0
-0.46050 	0 	0.0000 	0
-0.46000 	0 	0.0000 	0
-0.45950 	0 	0.0000 	0
-0.45900 	0 	0.0000 	0
-0.45850 	0 	0.0000 	0
-0.45800 	0 	0.0000 	0
-0.45750 	0 	0.0000 	0
-0.45700 	0 	0.0000 	0
-0.45650 	0 	0.0000 	0
-0.45600 	0 	0.0000 	0
-0.45550 	0 	0.0000 	0
-0.45500 	0 	0.0000 	0
-0.45450 	0 	0.0000 	0
-0.45400 	0 	0.0000 	0
-0.45350 	0 	0.0000 	0
-0.45300 	0 	0.0000 	0
-0.45250 	0 	0.0000 	0
-0.45200 	0 	0.0000 	0
-0.45150 	0 	0.0000 	0
-0.45100 	0 	0.0000 	0
-0.45050 	0 	0.0000 	0
-0.45000 	0 	0.0000 	0
-0.44950 	0 	0.0000 	0
-0.44900 	0 	0.0000 	0
-0.44850 	0 	0.0000 	0
-0.44800 	0 	0.0000 	0
-0.44750 	0 	0.0000 	0
-0.44700 	0 	0.0000 	0
-0.44650 	0 	0.0000 	0
-0.44600 	0 	0.0000 	0
-0.44550 	0 	0.0000 	0
-0.44500 	0 	0.0000 	0
-0.44450 	0 	0.0000 	0
-0.44400 	0 	0.0000 	0
-0.44350 	0 	0.0000 	0
-0.44300 	0 	0.0000 	0
-0.44250 	0 	0.0000 	0
-0.44200 	0 	0.0000 	0
-0.44150 	0 	0.0000 	0
-0.44100 	0 	0.0000 	0
-0.44050 	0 	0.0000 	0
-0.44000 	0 	0.0000 	0
-0.43950 	0 	0.0000 	0
-0.43900 	0 	0.0000 	0
-0.43850 	0 	0.0000 	0
-0.43800 	0 	0.0000 	0
-0.43750 	0 	0.0000 	0
-0.43700 	0 	0.0000 	0
-0.43650 	0 	0.0000 	0
-0.43600 	0 	0.0000 	0
-0.43550 	0 	0.0000 	0
-0.43500 	0 	0.0000 	0
-0.43450 	0 	0.0000 	0
-0.43400 	0 	0.0000 	0
-0.43350 	0 	0.0000 	0
-0.43300 	0 	0.0000 	0
-0.43250 	0 	0.0000 	0
-0.43200 	0 	0.0000 	0
-0.43150 	0 	0.0000 	0
-0.43100 	0 	0.0000 	0
-0.43050 	0 	0.0000 	0
-0.43000 	0 	0.0000 	0
-0.42950 	0 	0.0000 	0
-0.42900 	0 	0.0000 	0
-0.42850 	0 	0.0000 	0
-0.42800 	0 	0.0000 	0
-0.42750 	0 	0.0000 	0
-0.42700 	0 	0.0000 	0
-0.42650 	0 	0.0000 	0
-0.42600 	0 	0.0000 	0
-0.42550 	0 	0.0000 	0
-0.42500 	0 	0.0000 	0
-0.42450 	0 	0.0000 	0
-0.42400 	0 	0.0000 	0
-0.42350 	0 	0.0000 	0
-0.42300 	0 	0.0000 	0
-0.42250 	0 	0.0000 	0
-0.42200 	0 	0.0000 	0
-0.42150 	0 	0.0000 	0
-0.42100 	0 	0.0000 	0
-0.42050 	0 	0.0000 	0
-0.42000 	0 	0.0000 	0
-0.41950 	0 	0.0000 	0
-0.41900 	0 	0.0000 	0
-0.41850 	0 	0.0000 	0
-0.41800 	0 	0.0000 	0
-0.41750 	0 	0.0000 	0
-0.41700 	0 	0.0000 	0
-0.41650 	0 	0.0000 	0
-0.41600 	0 	0.0000 	0
-0.41550 	0 	0.0000 	0
-0.41500 	0 	0.0000 	0
-0.41450 	0 	0.0000 	0
-0.41400 	0 	0.0000 	0
-0.41350 	0 	0.0000 	0
-0.41300 	0 	0.0000 	0
-0.41250 	0 	0.0000 	0
-0.41200 	0 	0.0000 	0
-0.41150 	0 	0.0000 	0
-0.41100 	0 	0.0000 	0
-0.41050 	0 	0.0000 	0
-0.41000 	0 	0.0000 	0
-0.40950 	0 	0.0000 	0
-0.40900 	0 	0.0000 	0
-0.40850 	0 	0.0000 	0
-0.40800 	0 	0.0000 	0
-0.40750 	0 	0.0000 	0
-0.40700 	0 	0.0000 	0
-0.40650 	0 	0.0000 	0
-0.40600 	0 	0.0000 	0
-0.40550 	0 	0.0000 	0
-0.40500 	0 	0.0000 	0
-0.40450 	0 	0.0000 	0
-0.40400 	0 	0.0000 	0
-0.40350 	0 	0.0000 	0
-0.40300 	0 	0.0000 	0
-0.40250 	0 	0.0000 	0
-0.40200 	0 	0.0000 	0
-0.40150 	0 	0.0000 	0
-0.40100 	0 	0.0000 	0
-0.40050 	0 	0.0000 	0
-0.40000 	0 	0.0000 	0
-0.39950 	0 	0.0000 	0
-0.39900 	0 	0.0000 	0
-0.39850 	0 	0.0000 	0
-0.39800 	0 	0.0000 	0
-0.39750 	0 	0.0000 	0
-0.39700 	0 	0.0000 	0
-0.39650 	0 	0.0000 	0
-0.39600 	0 	0.0000 	0
-0.39550 	0 	0.0000 	0
-0.39500 	0 	0.0000 	0
-0.39450 	0 	0.0000 	0
-0.39400 	0 	0.0000 	0
-0.39350 	0 	0.0000 	0
-0.39300 	0 	0.0000 	0
-0.39250 	0 	0.0000 	0
-0.39200 	0 	0.0000 	0
-0.39150 	0 	0.0000 	0
-0.39100 	0 	0.0000 	0
-0.39050 	0 	0.0000 	0
-0.39000 	0 	0.0000 	0
-0.38950 	0 	0.0000 	0
-0.38900 	0 	0.0000 	0
-0.38850 	0 	0.0000 	0
-0.38800 	0 	0.0000 	0
-0.38750 	0 	0.0000 	0
-0.38700 	0 	0.0000 	0
-0.38650 	0 	0.0000 	0
-0.38600 	0 	0.0000 	0
-0.38550 	0 	0.0000 	0
-0.38500 	0 	0.0000 	0
-0.38450 	0 	0.0000 	0
-0.38400 	0 	0.0000 	0
-0.38350 	0 	0.0000 	0
-0.38300 	0 	0.0000 	0
-0.38250 	0 	0.0000 	0
-0.38200 	0 	0.0000 	0
-0.38150 	0 	0.0000 	0
-0.38100 	0 	0.0000 	0
-0.38050 	0 	0.0000 	0
-0.38000 	0 	0.0000 	0
-0.37950 	0 	0.0000 	0
-0.37900 	0 	0.0000 	0
-0.37850 	0 	0.0000 	0
-0.37800 	0 	0.0000 	0
-0.37750 	0 	0.0000 	0
-0.37700 	0 	0.0000 	0
-0.37650 	0 	0.0000 	0
-0.37600 	0 	0.0000 	0
-0.37550 	0 	0.0000 	0
-0.37500 	0 	0.0000 	0
-0.37450 	0 	0.0000 	0
-0.37400 	0 	0.0000 	0
-0.37350 	0 	0.0000 	0
-0.37300 	0 	0.0000 	0
-0.37250 	0 	0.0000 	0
-0.37200 	0 	0.0000 	0
-0.37150 	0 	0.0000 	0
-0.37100 	0 	0.0000 	0
-0.37050 	0 	0.0000 	0
-0.37000 	0 	0.0000 	0
-0.36950 	0 	0.0000 	0
-0.36900 	0 	0.0000 	0
-0.36850 	0 	0.0000 	0
-0.36800 	0 	0.0000 	0
-0.36750 	0 	0.0000 	0
-0.36700 	0 	0.0000 	0
-0.36650 	0 	0.0000 	0
-0.36600 	0 	0.0000 	0
-0.36550 	0 	0.0000 	0
-0.36500 	0 	0.0000 	0
-0.36450 	0 	0.0000 	0
-0.36400 	0 	0.0000 	0
-0.36350 	0 	0.0000 	0
-0.36300 	0 	0.0000 	0
-0.36250 	0 	0.0000 	0
-0.36200 	0 	0.0000 	0
-0.36150 	0 	0.0000 	0
-0.36100 	0 	0.0000 	0
-0.36050 	0 	0.0000 	0
-0.36000 	0 	0.0000 	0
-0.35950 	0 	0.0000 	0
-0.35900 	0 	0.0000 	0
-0.35850 	0 	0.0000 	0
-0.35800 	0 	0.0000 	0
-0.35750 	0 	0.0000 	0
-0.35700 	0 	0.0000 	0
-0.35650 	0 	0.0000 	0
-0.35600 	0 	0.0000 	0
-0.35550 	0 	0.0000 	0
-0.35500 	0 	0.0000 	0
-0.35450 	0 	0.0000 	0
-0.35400 	0 	0.0000 	0
-0.35350 	0 	0.0000 	0
-0.35300 	0 	0.0000 	0
-0.35250 	0 	0.0000 	0
-0.35200 	0 	0.0000 	0
-0.35150 	0 	0.0000 	0
-0.35100 	0 	0.0000 	0
-0.35050 	0 	0.0000 	0
-0.35000 	0 	0.0000 	0
-0.34950 	0 	0.0000 	0
-0.34900 	0 	0.0000 	0
-0.34850 	0 	0.0000 	0
-0.34800 	0 	0.0000 	0
-0.34750 	0 	0.0000 	0
-0.34700 	0 	0.0000 	0
-0.34650 	0 	0.0000 	0
-0.34600 	0 	0.0000 	0
-0.34550 	0 	0.0000 	0
-0.34500 	0 	0.0000 	0
-0.34450 	0 	0.0000 	0
-0.34400 	0 	0.0000 	0
-0.34350 	0 	0.0000 	0
-0.34300 	0 	0.0000 	0
-0.34250 	0 	0.0000 	0
-0.34200 	0 	0.0000 	0
-0.34150 	0 	0.0000 	0
-0.34100 	0 	0.0000 	0
-0.34050 	0 	0.0000 	0
-0.34000 	0 	0.0000 	0
-0.33950 	0 	0.0000 	0
-0.33900 	0 	0.0000 	0
-0.33850 	0 	0.0000 	0
-0.33800 	0 	0.0000 	0
-0.33750 	0 	0.0000 	0
-0.33700 	0 	0.0000 	0
-0.33650 	0 	0.0000 	0
-0.33600 	0 	0.0000 	0
-0.33550 	0 	0.0000 	0
-0.33500 	0 	0.0000 	0
-0.33450 	0 	0.0000 	0
-0.33400 	0 	0.0000 	0
-0.33350 	0 	0.0000 	0
-0.33300 	0 	0.0000 	0
-0.33250 	0 	0.0000 	0
-0.33200 	0 	0.0000 	0
-0.33150 	0 	0.0000 	0
-0.33100 	0 	0.0000 	0
-0.33050 	0 	0.0000 	0
-0.33000 	0 	0.0000 	0
-0.32950 	0 	0.0000 	0
-0.32900 	0 	0.0000 	0
-0.32850 	0 	0.0000 	0
-0.32800 	0 	0.0000 	0
-0.32750 	0 	0.0000 	0
-0.32700 	0 	0.0000 	0
-0.32650 	0 	0.0000 	0
-0.32600 	0 	0.0000 	0
-0.32550 	0 	0.0000 	0
-0.32500 	0 	0.0000 	0
-0.32450 	0 	0.0000 	0
-0.32400 	0 	0.0000 	0
-0.32350 	0 	0.0000 	0
-0.32300 	0 	0.0000 	0
-0.32250 	0 	0.0000 	0
-0.32200 	0 	0.0000 	0
-0.32150 	0 	0.0000 	0
-0.32100 	0 	0.0000 	0
-0.32050 	0 	0.0000 	0
-0.32000 	0 	0.0000 	0
-0.31950 	0 	0.0000 	0
-0.31900 	0 	0.0000 	0
-0.31850 	0 	0.0000 	0
-0.31800 	0 	0.0000 	0
-0.31750 	0 	0.0000 	0
-0.31700 	0 	0.0000 	0
-0.31650 	0 	0.0000 	0
-0.31600 	0 	0.0000 	0
-0.31550 	0 	0.0000 	0
-0.31500 	0 	0.0000 	0
-0.31450 	0 	0.0000 	0
-0.31400 	0 	0.0000 	0
-0.31350 	0 	0.0000 	0
-0.31300 	0 	0.0000 	0
-0.31250 	0 	0.0000 	0
-0.31200 	0 	0.0000 	0
-0.31150 	0 	0.0000 	0
-0.31100 	0 	0.0000 	0
-0.31050 	0 	0.0000 	0
-0.31000 	0 	0.0000 	0
-0.30950 	0 	0.0000 	0
-0.30900 	0 	0.0000 	0
-0.30850 	0 	0.0000 	0
-0.30800 	0 	0.0000 	0
-0.30750 	0 	0.0000 	0
-0.30700 	0 	0.0000 	0
-0.30650 	0 	0.0000 	0
-0.30600 	0 	0.0000 	0
-0.30550 	0 	0.0000 	0
-0.30500 	0 	0.0000 	0
-0.30450 	0 	0.0000 	0
-0.30400 	0 	0.0000 	0
-0.30350 	0 	0.0000 	0
-0.30300 	0 	0.0000 	0
-0.30250 	0 	0.0000 	0
-0.30200 	0 	0.0000 	0
-0.30150 	0 	0.0000 	0
-0.30100 	0 	0.0000 	0
-0.30050 	0 	0.0000 	0
-0.30000 	0 	0.0000 	0
-0.29950 	0 	0.0000 	0
-0.29900 	0 	0.0000 	0
-0.29850 	0 	0.0000 	0
-0.29800 	0 	0.0000 	0
-0.29750 	0 	0.0000 	0
-0.29700 	0 	0.0000 	0
-0.29650 	0 	0.0000 	0
-0.29600 	0 	0.0000 	0
-0.29550 	0 	0.0000 	0
-0.29500 	0 	0.0000 	0
-0.29450 	0 	0.0000 	0
-0.29400 	0 	0.0000 	0
-0.29350 	0 	0.0000 	0
-0.29300 	0 	0.0000 	0
-0.29250 	0 	0.0000 	0
-0.29200 	0 	0.0000 	0
-0.29150 	0 	0.0000 	0
-0.29100 	0 	0.0000 	0
-0.29050 	0 	0.0000 	0
-0.29000 	0 	0.0000 	0
-0.28950 	0 	0.0000 	0
-0.28900 	0 	0.0000 	0
-0.28850 	0 	0.0000 	0
-0.28800 	0 	0.0000 	0
-0.28750 	0 	0.0000 	0
-0.28700 	0 	0.0000 	0
-0.28650 	0 	0.0000 	0
-0.28600 	0 	0.0000 	0
-0.28550 	0 	0.0000 	0
-0.28500 	0 	0.0000 	0
-0.28450 	0 	0.0000 	0
-0.28400 	0 	0.0000 	0
-0.28350 	0 	0.0000 	0
-0.28300 	0 	0.0000 	0
-0.28250 	0 	0.0000 	0
-0.28200 	0 	0.0000 	0
-0.28150 	0 	0.0000 	0
-0.28100 	0 	0.0000 	0
-0.28050 	0 	0.0000 	0
-0.28000 	0 	0.0000 	0
-0.27950 	0 	0.0000 	0
-0.27900 	0 	0.0000 	0
-0.27850 	0 	0.0000 	0
-0.27800 	0 	0.0000 	0
-0.27750 	0 	0.0000 	0
-0.27700 	0 	0.0000 	0
-0.27650 	0 	0.0000 	0
-0.27600 	0 	0.0000 	0
-0.27550 	0 	0.0000 	0
-0.27500 	0 	0.0000 	0
-0.27450 	0 	0.0000 	0
-0.27400 	0 	0.0000 	0
-0.27350 	0 	0.0000 	0
-0.27300 	0 	0.0000 	0
-0.27250 	0 	0.0000 	0
-0.27200 	0 	0.0000 	0
-0.27150 	0 	0.0000 	0
-0.27100 	0 	0.0000 	0
-0.27050 	0 	0.0000 	0
-0.27000 	0 	0.0000 	0
-0.26950 	0 	0.0000 	0
-0.26900 	0 	0.0000 	0
-0.26850 	0 	0.0000 	0
-0.26800 	0 	0.0000 	0
-0.26750 	0 	0.0000 	0
-0.26700 	0 	0.0000 	0
-0.26650 	0 	0.0000 	0
-0.26600 	0 	0.0000 	0
-0.26550 	0 	0.0000 	0
-0.26500 	0 	0.0000 	0
-0.26450 	0 	0.0000 	0
-0.26400 	0 	0.0000 	0
-0.26350 	0 	0.0000 	0
-0.26300 	0 	0.0000 	0
-0.26250 	0 	0.0000 	0
-0.26200 	0 	0.0000 	0
-0.26150 	0 	0.0000 	0
-0.26100 	0 	0.0000 	0
-0.26050 	0 	0.0000 	0
-0.26000 	0 	0.0000 	0
-0.25950 	0 	0.0000 	0
-0.25900 	0 	0.0000 	0
-0.25850 	0 	0.0000 	0
-0.25800 	0 	0.0000 	0
-0.25750 	0 	0.0000 	0
-0.25700 	0 	0.0000 	0
-0.25650 	0 	0.0000 	0
-0.25600 	0 	0.0000 	0
-0.25550 	0 	0.0000 	0
-0.25500 	0 	0.0000 	0
-0.25450 	0 	0.0000 	0
-0.25400 	0 	0.0000 	0
-0.25350 	0 	0.0000 	0
-0.25300 	0 	0.0000 	0
-0.25250 	0 	0.0000 	0
-0.25200 	0 	0.0000 	0
-0.25150 	0 	0.0000 	0
-0.25100 	0 	0.0000 	0
-0.25050 	0 	0.0000 	0
-0.25000 	0 	0.0000 	0
-0.24950 	0 	0.0000 	0
-0.24900 	0 	0.0000 	0
-0.24850 	0 	0.0000 	0
-0.24800 	0 	0.0000 	0
-0.24750 	0 	0.0000 	0
-0.24700 	0 	0.0000 	0
-0.24650 	0 	0.0000 	0
-0.24600 	0 	0.0000 	0
-0.24550 	0 	0.0000 	0
-0.24500 	0 	0.0000 	0
-0.24450 	0 	0.0000 	0
-0.24400 	0 	0.0000 	0
-0.24350 	0 	0.0000 	0
-0.24300 	0 	0.0000 	0
-0.24250 	0 	0.0000 	0
-0.24200 	0 	0.0000 	0
-0.24150 	0 	0.0000 	0
-0.24100 	0 	0.0000 	0
-0.24050 	0 	0.0000 	0
-0.24000 	0 	0.0000 	0
-0.23950 	0 	0.0000 	0
-0.23900 	0 	0.0000 	0
-0.23850 	0 	0.0000 	0
-0.23800 	0 	0.0000 	0
-0.23750 	0 	0.0000 	0
-0.23700 	0 	0.0000 	0
-0.23650 	0 	0.0000 	0
-0.23600 	0 	0.0000 	0
-0.23550 	0 	0.0000 	0
-0.23500 	0 	0.0000 	0
-0.23450 	0 	0.0000 	0
-0.23400 	0 	0.0000 	0
-0.23350 	0 	0.0000 	0
-0.23300 	0 	0.0000 	0
-0.23250 	0 	0.0000 	0
-0.23200 	0 	0.0000 	0
-0.23150 	0 	0.0000 	0
-0.23100 	0 	0.0000 	0
-0.23050 	0 	0.0000 	0
-0.23000 	0 	0.0000 	0
-0.22950 	0 	0.0000 	0
-0.22900 	0 	0.0000 	0
-0.22850 	0 	0.0000 	0
-0.22800 	0 	0.0000 	0
-0.22750 	0 	0.0000 	0
-0.22700 	0 	0.0000 	0
-0.22650 	0 	0.0000 	0
-0.22600 	0 	0.0000 	0
-0.22550 	0 	0.0000 	0
-0.22500 	0 	0.0000 	0
-0.22450 	0 	0.0000 	0
-0.22400 	0 	0.0000 	0
-0.22350 	0 	0.0000 	0
-0.22300 	0 	0.0000 	0
-0.22250 	0 	0.0000 	0
-0.22200 	0 	0.0000 	0
-0.22150 	0 	0.0000 	0
-0.22100 	0 	0.0000 	0
-0.22050 	0 	0.0000 	0
-0.22000 	0 	0.0000 	0
-0.21950 	0 	0.0000 	0
-0.21900 	0 	0.0000 	0
-0.21850 	0 	0.0000 	0
-0.21800 	0 	0.0000 	0
-0.21750 	0 	0.0000 	0
-0.21700 	0 	0.0000 	0
-0.21650 	0 	0.0000 	0
-0.21600 	0 	0.0000 	0
-0.21550 	0 	0.0000 	0
-0.21500 	0 	0.0000 	0
-0.21450 	0 	0.0000 	0
-0.21400 	0 	0.0000 	0
-0.21350 	0 	0.0000 	0
-0.21300 	0 	0.0000 	0
-0.21250 	0 	0.0000 	0
-0.21200 	0 	0.0000 	0
-0.21150 	0 	0.0000 	0
-0.21100 	0 	0.0000 	0
-0.21050 	0 	0.0000 	0
-0.21000 	0 	0.0000 	0
-0.20950 	0 	0.0000 	0
-0.20900 	0 	0.0000 	0
-0.20850 	0 	0.0000 	0
-0.20800 	0 	0.0000 	0
-0.20750 	0 	0.0000 	0
-0.20700 	0 	0.0000 	0
-0.20650 	0 	0.0000 	0
-0.20600 	0 	0.0000 	0
-0.20550 	0 	0.0000 	0
-0.20500 	0 	0.0000 	0
-0.20450 	0 	0.0000 	0
-0.20400 	0 	0.0000 	0
-0.20350 	0 	0.0000 	0
-0.20300 	0 	0.0000 	0
-0.20250 	0 	0.0000 	0
-0.20200 	0 	0.0000 	0
-0.20150 	0 	0.0000 	0
-0.20100 	0 	0.0000 	0
-0.20050 	0 	0.0000 	0
-0.20000 	0 	0.0000 	0
-0.19950 	0 	0.0000 	0
-0.19900 	0 	0.0000 	0
-0.19850 	0 	0.0000 	0
-0.19800 	0 	0.0000 	0
-0.19750 	0 	0.0000 	0
-0.19700 	0 	0.0000 	0
-0.19650 	0 	0.0000 	0
-0.19600 	0 	0.0000 	0
-0.19550 	0 	0.0000 	0
-0.19500 	0 	0.0000 	0
-0.19450 	0 	0.0000 	0
-0.19400 	0 	0.0000 	0
-0.19350 	0 	0.0000 	0
-0.19300 	0 	0.0000 	0
-0.19250 	0 	0.0000 	0
-0.19200 	0 	0.0000 	0
-0.19150 	0 	0.0000 	0
-0.19100 	0 	0.0000 	0
-0.19050 	0 	0.0000 	0
-0.19000 	0 	0.0000 	0
-0.18950 	0 	0.0000 	0
-0.18900 	0 	0.0000 	0
-0.18850 	0 	0.0000 	0
-0.18800 	0 	0.0000 	0
-0.18750 	0 	0.0000 	0
-0.18700 	0 	0.0000 	0
-0.18650 	0 	0.0000 	0
-0.18600 	0 	0.0000 	0
-0.18550 	0 	0.0000 	0
-0.18500 	0 	0.0000 	0
-0.18450 	0 	0.0000 	0
-0.18400 	0 	0.0000 	0
-0.18350 	0 	0.0000 	0
-0.18300 	0 	0.0000 	0
-0.18250 	0 	0.0000 	0
-0.18200 	0 	0.0000 	0
-0.18150 	0 	0.0000 	0
-0.18100 	0 	0.0000 	0
-0.18050 	0 	0.0000 	0
-0.18000 	0 	0.0000 	0
-0.17950 	0 	0.0000 	0
-0.17900 	0 	0.0000 	0
-0.17850 	0 	0.0000 	0
-0.17800 	0 	0.0000 	0
-0.17750 	0 	0.0000 	0
-0.17700 	0 	0.0000 	0
-0.17650 	0 	0.0000 	0
-0.17600 	0 	0.0000 	0
-0.17550 	0 	0.0000 	0
-0.17500 	0 	0.0000 	0
-0.17450 	0 	0.0000 	0
-0.17400 	0 	0.0000 	0
-0.17350 	0 	0.0000 	0
-0.17300 	0 	0.0000 	0
-0.17250 	0 	0.0000 	0
-0.17200 	0 	0.0000 	0
-0.17150 	0 	0.0000 	0
-0.17100 	0 	0.0000 	0
-0.17050 	0 	0.0000 	0
-0.17000 	0 	0.0000 	0
-0.16950 	0 	0.0000 	0
-0.16900 	0 	0.0000 	0
-0.16850 	0 	0.0000 	0
-0.16800 	0 	0.0000 	0
-0.16750 	0 	0.0000 	0
-0.16700 	0 	0.0000 	0
-0.16650 	0 	0.0000 	0
-0.16600 	0 	0.0000 	0
-0.16550 	0 	0.0000 	0
-0.16500 	0 	0.0000 	0
-0.16450 	0 	0.0000 	0
-0.16400 	0 	0.0000 	0
-0.16350 	0 	0.0000 	0
-0.16300 	0 	0.0000 	0
-0.16250 	0 	0.0000 	0
-0.16200 	0 	0.0000 	0
-0.16150 	0 	0.0000 	0
-0.16100 	0 	0.0000 	0
-0.16050 	0 	0.0000 	0
-0.16000 	0 	0.0000 	0
-0.15950 	0 	0.0000 	0
-0.15900 	0 	0.0000 	0
-0.15850 	0 	0.0000 	0
-0.15800 	0 	0.0000 	0
-0.15750 	0 	0.0000 	0
-0.15700 	0 	0.0000 	0
-0.15650 	0 	0.0000 	0
-0.15600 	0 	0.0000 	0
-0.15550 	0 	0.0000 	0
-0.15500 	0 	0.0000 	0
-0.15450 	0 	0.0000 	0
-0.15400 	0 	0.0000 	0
-0.15350 	0 	0.0000 	0
-0.15300 	0 	0.0000 	0
-0.15250 	0 	0.0000 	0
-0.15200 	0 	0.0000 	0
-0.15150 	0 	0.0000 	0
-0.15100 	0 	0.0000 	0
-0.15050 	0 	0.0000 	0
-0.15000 	0 	0.0000 	0
-0.14950 	0 	0.0000 	0
-0.14900 	0 	0.0000 	0
-0.14850 	0 	0.0000 	0
-0.14800 	0 	0.0000 	0
-0.14750 	0 	0.0000 	0
-0.14700 	0 	0.0000 	0
-0.14650 	0 	0.0000 	0
-0.14600 	0 	0.0000 	0
-0.14550 	0 	0.0000 	0
-0.14500 	0 	0.0000 	0
-0.14450 	0 	0.0000 	0
-0.14400 	0 	0.0000 	0
-0.14350 	0 	0.0000 	0
-0.14300 	0 	0.0000 	0
-0.14250 	0 	0.0000 	0
-0.14200 	0 	0.0000 	0
-0.14150 	0 	0.0000 	0
-0.14100 	0 	0.0000 	0
-0.14050 	0 	0.0000 	0
-0.14000 	0 	0.0000 	0
-0.13950 	0 	0.0000 	0
-0.13900 	0 	0.0000 	0
-0.13850 	0 	0.0000 	0
-0.13800 	0 	0.0000 	0
-0.13750 	0 	0.0000 	0
-0.13700 	0 	0.0000 	0
-0.13650 	0 	0.0000 	0
-0.13600 	0 	0.0000 	0
-0.13550 	0 	0.0000 	0
-0.13500 	0 	0.0000 	0
-0.13450 	0 	0.0000 	0
-0.13400 	0 	0.0000 	0
-0.13350 	0 	0.0000 	0
-0.13300 	0 	0.0000 	0
-0.13250 	0 	0.0000 	0
-0.13200 	0 	0.0000 	0
-0.13150 	0 	0.0000 	0
-0.13100 	0 	0.0000 	0
-0.13050 	0 	0.0000 	0
-0.13000 	0 	0.0000 	0
-0.12950 	0 	0.0000 	0
-0.12900 	0 	0.0000 	0
-0.12850 	0 	0.0000 	0
-0.12800 	0 	0.0000 	0
-0.12750 	0 	0.0000 	0
-0.12700 	0 	0.0000 	0
-0.12650 	0 	0.0000 	0
-0.12600 	0 	0.0000 	0
-0.12550 	0 	0.0000 	0
-0.12500 	0 	0.0000 	0
-0.12450 	0 	0.0000 	0
-0.12400 	0 	0.0000 	0
-0.12350 	0 	0.0000 	0
-0.12300 	0 	0.0000 	0
-0.12250 	0 	0.0000 	0
-0.12200 	0 	0.0000 	0
-0.12150 	0 	0.0000 	0
-0.12100 	0 	0.0000 	0
-0.12050 	0 	0.0000 	0
-0.12000 	0 	0.0000 	0
-0.11950 	0 	0.0000 	0
-0.11900 	0 	0.0000 	0
-0.11850 	0 	0.0000 	0
-0.11800 	0 	0.0000 	0
-0.11750 	0 	0.0000 	0
-0.11700 	0 	0.0000 	0
-0.11650 	0 	0.0000 	0
-0.11600 	0 	0.0000 	0
-0.11550 	0 	0.0000 	0
-0.11500 	0 	0.0000 	0
-0.11450 	0 	0.0000 	0
-0.11400 	0 	0.0000 	0
-0.11350 	0 	0.0000 	0
-0.11300 	0 	0.0000 	0
-0.11250 	0 	0.0000 	0
-0.11200 	0 	0.0000 	0
-0.11150 	0 	0.0000 	0
-0.11100 	0 	0.0000 	0
-0.11050 	0 	0.0000 	0
-0.11000 	0 	0.0000 	0
-0.10950 	0 	0.0000 	0
-0.10900 	0 	0.0000 	0
-0.10850 	0 	0.0000 	0
-0.10800 	0 	0.0000 	0
-0.10750 	0 	0.0000 	0
-0.10700 	0 	0.0000 	0
-0.10650 	0 	0.0000 	0
-0.10600 	0 	0.0000 	0
-0.10550 	0 	0.0000 	0
-0.10500 	0 	0.0000 	0
-0.10450 	0 	0.0000 	0
-0.10400 	0 	0.0000 	0
-0.10350 	0 	0.0000 	0
-0.10300 	0 	0.0000 	0
-0.10250 	0 	0.0000 	0
-0.10200 	0 	0.0000 	0
-0.10150 	0 	0.0000 	0
-0.10100 	0 	0.0000 	0
-0.10050 	0 	0.0000 	0
-0.10000 	0 	0.0000 	0
-0.09950 	0 	0.0000 	0
-0.09900 	0 	0.0000 	0
-0.09850 	0 	0.0000 	0
-0.09800 	0 	0.0000 	0
-0.09750 	0 	0.0000 	0
-0.09700 	0 	0.0000 	0
-0.09650 	0 	0.0000 	0
-0.09600 	0 	0.0000 	0
-0.09550 	0 	0.0000 	0
-0.09500 	0 	0.0000 	0
-0.09450 	0 	0.0000 	0
-0.09400 	0 	0.0000 	0
-0.09350 	0 	0.0000 	0
-0.09300 	0 	0.0000 	0
-0.09250 	0 	0.0000 	0
-0.09200 	0 	0.0000 	0
-0.09150 	0 	0.0000 	0
-0.09100 	0 	0.0000 	0
-0.09050 	0 	0.0000 	0
-0.09000 	0 	0.0000 	0
-0.08950 	0 	0.0000 	0
-0.08900 	0 	0.0000 	0
-0.08850 	0 	0.0000 	0
-0.08800 	0 	0.0000 	0
-0.08750 	0 	0.0000 	0
-0.08700 	0 	0.0000 	0
-0.08650 	0 	0.0000 	0
-0.08600 	0 	0.0000 	0
-0.08550 	0.1301 	0.0000 	0.1301
-0.08500 	0.1893 	0.0000 	0.1893
-0.08450 	0.2371 	0.0000 	0.2371
-0.08400 	0.2746 	0.0000 	0.2746
-0.08350 	0.3073 	0.0000 	0.3073
-0.08300 	0.3381 	0.0000 	0.3381
-0.08250 	0.366 	0.0001 	0.3661
-0.08200 	0.3912 	0.0001 	0.3913
-0.08150 	0.4191 	0.0001 	0.4192
-0.08100 	0.4399 	0.0001 	0.44
-0.08050 	0.4619 	0.0002 	0.4621
-0.08000 	0.4863 	0.0002 	0.4865
-0.07950 	0.5044 	0.0003 	0.5047
-0.07900 	0.5241 	0.0003 	0.5244
-0.07850 	0.545 	0.0004 	0.5454
-0.07800 	0.5633 	0.0005 	0.5638
-0.07750 	0.5806 	0.0005 	0.5811
-0.07700 	0.5987 	0.0006 	0.5993
-0.07650 	0.6181 	0.0007 	0.6188
-0.07600 	0.6341 	0.0008 	0.6349
-0.07550 	0.6501 	0.0009 	0.651
-0.07500 	0.6668 	0.0011 	0.6679
-0.07450 	0.6844 	0.0012 	0.6856
-0.07400 	0.7034 	0.0013 	0.7047
-0.07350 	0.7141 	0.0015 	0.7156
-0.07300 	0.7276 	0.0016 	0.7292
-0.07250 	0.7442 	0.0018 	0.746
-0.07200 	0.7647 	0.0020 	0.7667
-0.07150 	0.7764 	0.0022 	0.7786
-0.07100 	0.7901 	0.0024 	0.7925
-0.07050 	0.8045 	0.0026 	0.8071
-0.07000 	0.8202 	0.0029 	0.8231
-0.06950 	0.8347 	0.0031 	0.8378
-0.06900 	0.8482 	0.0034 	0.8516
-0.06850 	0.8615 	0.0037 	0.8652
-0.06800 	0.8749 	0.0040 	0.8789
-0.06750 	0.8894 	0.0043 	0.8937
-0.06700 	0.9042 	0.0046 	0.9088
-0.06650 	0.9166 	0.0050 	0.9216
-0.06600 	0.9298 	0.0053 	0.9351
-0.06550 	0.9431 	0.0057 	0.9488
-0.06500 	0.9559 	0.0061 	0.962
-0.06450 	0.9696 	0.0065 	0.9761
-0.06400 	0.9838 	0.0069 	0.9907
-0.06350 	0.9962 	0.0074 	1.0036
-0.06300 	1.0091 	0.0079 	1.017
-0.06250 	1.0212 	0.0084 	1.0296
-0.06200 	1.0333 	0.0089 	1.0422
-0.06150 	1.0468 	0.0094 	1.0562
-0.06100 	1.0612 	0.0100 	1.0712
-0.06050 	1.0733 	0.0106 	1.0839
-0.06000 	1.0854 	0.0112 	1.0966
-0.05950 	1.0977 	0.0118 	1.1095
-0.05900 	1.1101 	0.0125 	1.1226
-0.05850 	1.1229 	0.0132 	1.1361
-0.05800 	1.136 	0.0139 	1.1499
-0.05750 	1.1487 	0.0146 	1.1633
-0.05700 	1.1604 	0.0154 	1.1758
-0.05650 	1.1723 	0.0162 	1.1885
-0.05600 	1.1848 	0.0170 	1.2018
-0.05550 	1.1972 	0.0179 	1.2151
-0.05500 	1.2099 	0.0187 	1.2286
-0.05450 	1.2228 	0.0197 	1.2425
-0.05400 	1.2347 	0.0206 	1.2553
-0.05350 	1.2467 	0.0216 	1.2683
-0.05300 	1.2588 	0.0226 	1.2814
-0.05250 	1.271 	0.0237 	1.2947
-0.05200 	1.2832 	0.0248 	1.308
-0.05150 	1.2957 	0.0259 	1.3216
-0.05100 	1.3085 	0.0271 	1.3356
-0.05050 	1.3208 	0.0283 	1.3491
-0.05000 	1.3326 	0.0296 	1.3622
-0.04950 	1.3445 	0.0309 	1.3754
-0.04900 	1.3565 	0.0322 	1.3887
-0.04850 	1.369 	0.0336 	1.4026
-0.04800 	1.3816 	0.0351 	1.4167
-0.04750 	1.3942 	0.0366 	1.4308
-0.04700 	1.4068 	0.0381 	1.4449
-0.04650 	1.4185 	0.0397 	1.4582
-0.04600 	1.4307 	0.0413 	1.472
-0.04550 	1.4429 	0.0430 	1.4859
-0.04500 	1.4553 	0.0448 	1.5001
-0.04450 	1.4678 	0.0466 	1.5144
-0.04400 	1.4803 	0.0484 	1.5287
-0.04350 	1.4931 	0.0504 	1.5435
-0.04300 	1.5057 	0.0524 	1.5581
-0.04250 	1.518 	0.0544 	1.5724
-0.04200 	1.5302 	0.0565 	1.5867
-0.04150 	1.5426 	0.0587 	1.6013
-0.04100 	1.555 	0.0609 	1.6159
-0.04050 	1.5679 	0.0633 	1.6312
-0.04000 	1.5809 	0.0657 	1.6466
-0.03950 	1.594 	0.0682 	1.6622
-0.03900 	1.6066 	0.0707 	1.6773
-0.03850 	1.619 	0.0733 	1.6923
-0.03800 	1.6316 	0.0761 	1.7077
-0.03750 	1.6444 	0.0789 	1.7233
-0.03700 	1.6576 	0.0818 	1.7394
-0.03650 	1.6706 	0.0848 	1.7554
-0.03600 	1.6839 	0.0878 	1.7717
-0.03550 	1.697 	0.0910 	1.788
-0.03500 	1.7104 	0.0943 	1.8047
-0.03450 	1.7235 	0.0977 	1.8212
-0.03400 	1.7367 	0.1012 	1.8379
-0.03350 	1.75 	0.1048 	1.8548
-0.03300 	1.7633 	0.1085 	1.8718
-0.03250 	1.7766 	0.1123 	1.8889
-0.03200 	1.7906 	0.1163 	1.9069
-0.03150 	1.8045 	0.1204 	1.9249
-0.03100 	1.8185 	0.1246 	1.9431
-0.03050 	1.8321 	0.1289 	1.961
-0.03000 	1.8458 	0.1334 	1.9792
-0.02950 	1.8596 	0.1380 	1.9976
-0.02900 	1.8739 	0.1428 	2.0167
-0.02850 	1.8882 	0.1477 	2.0359
-0.02800 	1.9026 	0.1529 	2.0555
-0.02750 	1.917 	0.1581 	2.0751
-0.02700 	1.9316 	0.1636 	2.0952
-0.02650 	1.9461 	0.1692 	2.1153
-0.02600 	1.9609 	0.1750 	2.1359
-0.02550 	1.9759 	0.1810 	2.1569
-0.02500 	1.9909 	0.1872 	2.1781
-0.02450 	2.006 	0.1936 	2.1996
-0.02400 	2.021 	0.2002 	2.2212
-0.02350 	2.0363 	0.2070 	2.2433
-0.02300 	2.0522 	0.2141 	2.2663
-0.02250 	2.0681 	0.2214 	2.2895
-0.02200 	2.084 	0.2290 	2.313
-0.02150 	2.0999 	0.2368 	2.3367
-0.02100 	2.1159 	0.2449 	2.3608
-0.02050 	2.1319 	0.2533 	2.3852
-0.02000 	2.1487 	0.2620 	2.4107
-0.01950 	2.1657 	0.2710 	2.4367
-0.01900 	2.1833 	0.2804 	2.4637
-0.01850 	2.2 	0.2900 	2.49
-0.01800 	2.2169 	0.3000 	2.5169
-0.01750 	2.2339 	0.3103 	2.5442
-0.01700 	2.2517 	0.3211 	2.5728
-0.01650 	2.2699 	0.3323 	2.6022
-0.01600 	2.2884 	0.3439 	2.6323
-0.01550 	2.3068 	0.3560 	2.6628
-0.01500 	2.3254 	0.3685 	2.6939
-0.01450 	2.3441 	0.3814 	2.7255
-0.01400 	2.3634 	0.3949 	2.7583
-0.01350 	2.3834 	0.4090 	2.7924
-0.01300 	2.4036 	0.4237 	2.8273
-0.01250 	2.4239 	0.4390 	2.8629
-0.01200 	2.4444 	0.4549 	2.8993
-0.01150 	2.465 	0.4714 	2.9364
-0.01100 	2.4861 	0.4886 	2.9747
-0.01050 	2.5081 	0.5067 	3.0148
-0.01000 	2.5304 	0.5255 	3.0559
-0.00950 	2.553 	0.5452 	3.0982
-0.00900 	2.5761 	0.5658 	3.1419
-0.00850 	2.5994 	0.5873 	3.1867
-0.00800 	2.623 	0.6098 	3.2328
-0.00750 	2.6482 	0.6335 	3.2817
-0.00700 	2.6737 	0.6584 	3.3321
-0.00650 	2.6996 	0.6846 	3.3842
-0.00600 	2.7258 	0.7120 	3.4378
-0.00550 	2.7522 	0.7409 	3.4931
-0.00500 	2.7796 	0.7713 	3.5509
-0.00450 	2.8091 	0.8035 	3.6126
-0.00400 	2.8396 	0.8378 	3.6774
-0.00350 	2.8707 	0.8741 	3.7448
-0.00300 	2.9021 	0.9125 	3.8146
-0.00250 	2.9338 	0.9531 	3.8869
-0.00200 	2.9659 	0.9961 	3.962
-0.00150 	3.0013 	1.0423 	4.0436
-0.00100 	3.0401 	1.0927 	4.1328
-0.00050 	3.0792 	1.1466 	4.2258
0.00000 	3.1186 	1.2041 	4.3227
0.00050 	3.158 	1.2652 	4.4232
0.00100 	3.2025 	1.3332 	4.5357
0.00150 	3.2522 	1.4089 	4.6611
0.00200 	3.3012 	1.4898 	4.791
0.00250 	3.3499 	1.5765 	4.9264
0.00300 	3.4116 	1.6810 	5.0926
0.00350 	3.4727 	1.7932 	5.2659
0.00400 	3.5418 	1.9238 	5.4656
0.00450 	3.6181 	2.0743 	5.6924
0.00500 	3.7076 	2.2582 	5.9658
0.00550 	3.8085 	2.4802 	6.2887
0.00600 	3.9349 	2.7745 	6.7094
0.00650 	4.1076 	3.2049 	7.3125
0.00700 	4.4358 	4.1174 	8.5532
0.00750 	5.2806 	6.9590 	12.2396
0.00800 	5.2606 	6.9528 	12.2134
0.00850 	5.2587 	7.0094 	12.2681
0.00900 	5.2517 	7.0506 	12.3023
0.00950 	5.2426 	7.0878 	12.3304
0.01000 	5.2376 	7.1346 	12.3722
0.01050 	5.2391 	7.2022 	12.4413
0.01100 	5.232 	7.2387 	12.4707
0.01150 	5.229 	7.2928 	12.5218
0.01200 	5.2257 	7.3506 	12.5763
0.01250 	5.2176 	7.3955 	12.6131
0.01300 	5.2167 	7.4590 	12.6757
0.01350 	5.2147 	7.5104 	12.7251
0.01400 	5.2145 	7.5800 	12.7945
0.01450 	5.2097 	7.6357 	12.8454
0.01500 	5.2098 	7.7090 	12.9188
0.01550 	5.2077 	7.7793 	12.987
0.01600 	5.2092 	7.8460 	13.0552
0.01650 	5.2134 	7.9296 	13.143
0.01700 	5.3164 	9.3076 	14.624
0.01750 	5.3685 	9.9892 	15.3577
0.01800 	5.4115 	10.5728 	15.9843
0.01850 	5.4555 	11.0752 	16.5307
0.01900 	5.4975 	11.5529 	17.0504
0.01950 	5.5354 	12.0244 	17.5598
0.02000 	5.5751 	12.4657 	18.0408
0.02050 	5.6249 	12.9422 	18.5671
0.02100 	5.6735 	13.3918 	19.0653
0.02150 	5.7257 	13.8824 	19.6081
0.02200 	5.7825 	14.3547 	20.1372
0.02250 	5.8444 	14.8629 	20.7073
0.02300 	5.9146 	15.3977 	21.3123
0.02350 	6.006 	15.9811 	21.9871
0.02400 	6.1106 	16.6296 	22.7402
0.02450 	6.2481 	17.3761 	23.6242
0.02500 	6.6217 	18.8274 	25.4491
0.02550 	6.5927 	19.0833 	25.676
0.02600 	6.5841 	19.3934 	25.9775
0.02650 	6.5742 	19.7320 	26.3062
0.02700 	6.5588 	20.0764 	26.6352
0.02750 	6.5395 	20.4093 	26.9488
0.02800 	6.5386 	22.7235 	29.2621
0.02850 	6.5233 	23.9509 	30.4742
0.02900 	6.5134 	24.9875 	31.5009
0.02950 	6.4998 	25.9295 	32.4293
0.03000 	6.5023 	26.8938 	33.3961
0.03050 	6.4871 	27.7443 	34.2314
0.03100 	6.4816 	28.6264 	35.108
0.03150 	6.4866 	29.5520 	36.0386
0.03200 	6.4701 	30.4150 	36.8851
0.03250 	6.4735 	31.3437 	37.8172
0.03300 	6.4668 	32.2781 	38.7449
0.03350 	6.4579 	33.2438 	39.7017
0.03400 	6.4496 	34.2310 	40.6806
0.03450 	6.4294 	35.2158 	41.6452
0.03500 	6.3927 	36.1939 	42.5866
0.03550 	6.3325 	37.0611 	43.3936
0.03600 	6.2364 	37.7189 	43.9553
0.03650 	6.1215 	38.2397 	44.3612
0.03700 	5.9866 	38.5320 	44.5186
0.03750 	5.835 	38.5959 	44.4309
0.03800 	5.6846 	38.5922 	44.2768
0.03850 	5.539 	38.5121 	44.0511
0.03900 	5.3994 	38.3946 	43.794
0.03950 	5.2661 	38.2708 	43.5369
0.04000 	5.1367 	38.1028 	43.2395
0.04050 	5.0148 	37.9480 	42.9628
0.04100 	4.8984 	37.7755 	42.6739
0.04150 	4.7862 	37.6013 	42.3875
0.04200 	4.6807 	37.4494 	42.1301
0.04250 	4.5772 	37.2746 	41.8518
0.04300 	4.481 	37.1286 	41.6096
0.04350 	4.3852 	36.9420 	41.3272
0.04400 	4.2932 	36.7722 	41.0654
0.04450 	4.2081 	36.6600 	40.8681
0.04500 	4.1222 	36.4834 	40.6056
0.04550 	4.0422 	36.3434 	40.3856
0.04600 	3.9636 	36.2186 	40.1822
0.04650 	3.8867 	36.0867 	39.9734
0.04700 	3.8148 	35.9604 	39.7752
0.04750 	3.7442 	35.8553 	39.5995
0.04800 	3.674 	35.7341 	39.4081
0.04850 	3.6096 	35.6505 	39.2601
0.04900 	3.5455 	35.5776 	39.1231
0.04950 	3.482 	35.4813 	38.9633
0.05000 	3.424 	35.4300 	38.854
0.05050 	3.3659 	35.4068 	38.7727
0.05100 	3.3112 	35.3803 	38.6915
0.05150 	3.2565 	35.3409 	38.5974
0.05200 	3.2062 	35.4250 	38.6312
0.05250 	3.1592 	35.4626 	38.6218
0.05300 	3.1109 	35.5625 	38.6734
0.05350 	3.0685 	35.7283 	38.7968
0.05400 	3.034 	36.0445 	39.0785
0.05450 	2.9981 	36.3959 	39.394
0.05500 	2.9888 	37.2569 	40.2457
0.05550 	2.9957 	38.5388 	41.5345
0.05600 	2.8111 	37.4605 	40.2716
0.05650 	2.5971 	36.1426 	38.7397
0.05700 	2.4492 	35.1980 	37.6472
0.05750 	2.3282 	34.4537 	36.7819
0.05800 	2.2176 	33.6936 	35.9112
0.05850 	2.1155 	32.9436 	35.0591
0.05900 	2.0273 	32.3766 	34.4039
0.05950 	1.9391 	31.6850 	33.6241
0.06000 	1.8357 	30.6431 	32.4788
0.06050 	1.6386 	27.6712 	29.3098
0.06100 	1.5263 	26.2645 	27.7908
0.06150 	1.4415 	25.2907 	26.7322
0.06200 	1.3701 	24.5573 	25.9274
0.06250 	1.3111 	23.9717 	25.2828
0.06300 	1.2665 	23.6013 	24.8678
0.06350 	1.2224 	23.2330 	24.4554
0.06400 	1.1956 	23.0970 	24.2926
0.06450 	1.1692 	22.9856 	24.1548
0.06500 	1.1558 	23.0338 	24.1896
0.06550 	1.1376 	23.0798 	24.2174
0.06600 	1.1195 	23.1949 	24.3144
0.06650 	1.1689 	23.9591 	25.128
0.06700 	1.2238 	24.8226 	26.0464
0.06750 	1.2857 	25.8116 	27.0973
0.06800 	1.3591 	26.9974 	28.3565
0.06850 	1.4495 	28.4813 	29.9308
0.06900 	1.6535 	31.8253 	33.4788
0.06950 	2.1836 	40.4771 	42.6607
0.07000 	2.6451 	47.8503 	50.4954
0.07050 	2.6704 	47.9832 	50.6536
0.07100 	2.6883 	48.1341 	50.8224
0.07150 	2.7077 	48.5475 	51.2552
0.07200 	2.7536 	49.4577 	52.2113
0.07250 	2.7891 	50.2944 	53.0835
0.07300 	2.8334 	51.3641 	54.1975
0.07350 	2.8932 	52.7812 	55.6744
0.07400 	2.9593 	54.4274 	57.3867
0.07450 	2.7309 	53.1796 	55.9105
0.07500 	2.6316 	53.4532 	56.0848
0.07550 	2.5938 	54.6327 	57.2265
0.07600 	2.5855 	56.4728 	59.0583
0.07650 	2.646 	60.3309 	62.9769
0.07700 	2.5498 	59.7244 	62.2742
0.07750 	2.5661 	61.4685 	64.0346
0.07800 	2.5547 	62.7995 	65.3542
0.07850 	2.5284 	63.9829 	66.5113
0.07900 	2.4711 	64.5543 	67.0254
0.07950 	2.0294 	58.5991 	60.6285
0.08000 	1.6072 	53.8416 	55.4488
0.08050 	1.3879 	51.9995 	53.3874
0.08100 	1.3274 	52.1289 	53.4563
0.08150 	1.274 	52.5200 	53.794
0.08200 	1.2291 	53.3907 	54.6198
0.08250 	1.1848 	54.5785 	55.7633
0.08300 	1.1453 	56.4231 	57.5684
0.08350 	1.1074 	59.3068 	60.4142
0.08400 	1.0683 	64.0192 	65.0875
0.08450 	1.0356 	76.0866 	77.1222
0.08500 	0.9657 	76.7784 	77.7441
0.08550 	0.9068 	64.2427 	65.1495
0.08600 	0.8573 	58.0431 	58.9004
0.08650 	0.8043 	53.6153 	54.4196
0.08700 	0.7567 	50.1702 	50.9269
0.08750 	0.6957 	46.7249 	47.4206
0.08800 	0.5826 	40.6286 	41.2112
0.08850 	0.5612 	35.2203 	35.7815
0.08900 	0.6731 	26.8756 	27.5487
0.08950 	0.7154 	24.6843 	25.3997
0.09000 	0.7344 	21.4901 	22.2245
0.09050 	0.7709 	18.5756 	19.3465
0.09100 	0.8095 	16.3584 	17.1679
0.09150 	0.8834 	15.3036 	16.187
0.09200 	0.9764 	15.4500 	16.4264
0.09250 	1.0917 	17.4004 	18.4921
0.09300 	1.2438 	22.4034 	23.6472
0.09350 	1.4212 	25.0845 	26.5057
0.09400 	1.6118 	27.8168 	29.4286
0.09450 	1.8215 	30.8925 	32.714
0.09500 	2.0728 	34.5877 	36.6605
0.09550 	2.3585 	38.9500 	41.3085
0.09600 	2.7092 	44.4966 	47.2058
0.09650 	3.1438 	51.6690 	54.8128
0.09700 	3.803 	63.1629 	66.9659
0.09750 	5.0291 	86.9765 	92.0056
0.09800 	7.5191 	147.3564 	154.876
0.09850 	5.2305 	72.6387 	77.8692
0.09900 	4.8598 	59.7652 	64.625
0.09950 	4.6574 	52.1161 	56.7735
0.10000 	4.5508 	47.0728 	51.6236
0.10050 	4.4857 	43.3343 	47.82
0.10100 	4.4465 	40.3894 	44.8359
0.10150 	4.4131 	37.9254 	42.3385
0.10200 	4.3704 	35.7486 	40.119
0.10250 	4.3641 	34.0969 	38.461
0.10300 	4.355 	32.6606 	37.0156
0.10350 	4.3425 	31.3883 	35.7308
0.10400 	4.3358 	30.3046 	34.6404
0.10450 	4.3274 	29.3235 	33.6509
0.10500 	4.3178 	28.4483 	32.7661
0.10550 	4.3157 	27.7511 	32.0668
0.10600 	4.3109 	27.1413 	31.4522
0.10650 	4.3022 	26.5798 	30.882
0.10700 	4.2976 	26.1295 	30.4271
0.10750 	4.2944 	25.7258 	30.0202
0.10800 	4.2824 	25.3328 	29.6152
0.10850 	4.2775 	25.0417 	29.3192
0.10900 	4.2689 	24.7789 	29.0478
0.10950 	4.2636 	24.5699 	28.8335
0.11000 	4.2606 	24.4045 	28.6651
0.11050 	4.2531 	24.2409 	28.494
0.11100 	4.2449 	24.0802 	28.3251
0.11150 	4.2362 	23.9548 	28.191
0.11200 	4.2317 	23.8739 	28.1056
0.11250 	4.2261 	23.8069 	28.033
0.11300 	4.2202 	23.7499 	27.9701
0.11350 	4.2158 	23.7187 	27.9345
0.11400 	4.2082 	23.6731 	27.8813
0.11450 	4.2009 	23.6523 	27.8532
0.11500 	4.1951 	23.6490 	27.8441
0.11550 	4.1909 	23.6701 	27.861
0.11600 	4.1849 	23.6907 	27.8756
0.11650 	4.1774 	23.7197 	27.8971
0.11700 	4.1708 	23.7605 	27.9313
0.11750 	4.1707 	23.8591 	28.0298
0.11800 	4.1671 	23.9458 	28.1129
0.11850 	4.1543 	23.9903 	28.1446
0.11900 	4.1516 	24.1170 	28.2686
0.11950 	4.1459 	24.2369 	28.3828
0.12000 	4.1243 	24.2718 	28.3961
0.12050 	3.7798 	22.0597 	25.8395
0.12100 	3.6201 	21.1448 	24.7649
0.12150 	3.4993 	20.5198 	24.0191
0.12200 	3.399 	20.0609 	23.4599
0.12250 	3.31 	19.7103 	23.0203
0.12300 	3.2333 	19.4768 	22.7101
0.12350 	3.1652 	19.3408 	22.506
0.12400 	3.107 	19.3329 	22.4399
0.12450 	3.0492 	19.4003 	22.4495
0.12500 	3.0026 	19.6481 	22.6507
0.12550 	2.9613 	20.0810 	23.0423
0.12600 	2.9336 	20.8295 	23.7631
0.12650 	2.9158 	22.0148 	24.9306
0.12700 	2.9337 	24.2053 	27.139
0.12750 	3.3669 	80.1870 	83.5539
0.12800 	4.1112 	95.0517 	99.1629
0.12850 	2.9488 	54.3051 	57.2539
0.12900 	2.4236 	38.5084 	40.932
0.12950 	2.0141 	27.9183 	29.9324
0.13000 	1.7527 	21.3339 	23.0866
0.13050 	1.5825 	17.2824 	18.8649
0.13100 	1.4588 	14.3766 	15.8354
0.13150 	1.3475 	11.9903 	13.3378
0.13200 	1.2497 	9.9333 	11.183
0.13250 	1.102 	10.5685 	11.6705
0.13300 	1.0416 	10.6750 	11.7166
0.13350 	1.0287 	10.9985 	12.0272
0.13400 	1.0158 	11.1649 	12.1807
0.13450 	1.0028 	11.2532 	12.256
0.13500 	0.9901 	11.3221 	12.3122
0.13550 	0.9779 	11.3810 	12.3589
0.13600 	0.9659 	11.4521 	12.418
0.13650 	0.9539 	11.5319 	12.4858
0.13700 	0.9527 	11.9523 	12.905
0.13750 	1.1085 	17.4025 	18.511
0.13800 	1.3082 	23.7814 	25.0896
0.13850 	1.5538 	31.5428 	33.0966
0.13900 	1.5374 	31.0186 	32.556
0.13950 	1.5593 	31.8176 	33.3769
0.14000 	1.5946 	33.0170 	34.6116
0.14050 	1.6295 	34.3183 	35.9478
0.14100 	1.6668 	35.7576 	37.4244
0.14150 	1.707 	37.4134 	39.1204
0.14200 	1.7497 	39.3406 	41.0903
0.14250 	1.7939 	41.6718 	43.4657
0.14300 	1.8425 	45.1146 	46.9571
0.14350 	1.901 	50.4788 	52.3798
0.14400 	1.9434 	49.4827 	51.4261
0.14450 	1.9884 	48.6989 	50.6873
0.14500 	2.0335 	48.1512 	50.1847
0.14550 	2.0844 	48.1059 	50.1903
0.14600 	2.1479 	49.0686 	51.2165
0.14650 	2.1976 	48.5977 	50.7953
0.14700 	2.2526 	48.1809 	50.4335
0.14750 	2.3113 	47.9069 	50.2182
0.14800 	2.3809 	47.8250 	50.2059
0.14850 	2.452 	47.9289 	50.3809
0.14900 	2.5475 	48.4049 	50.9524
0.14950 	2.674 	49.4665 	52.1405
0.15000 	2.9192 	52.2250 	55.1442
0.15050 	3.1836 	55.5576 	58.7412
0.15100 	3.2535 	55.8321 	59.0856
0.15150 	2.9819 	51.4834 	54.4653
0.15200 	2.7227 	47.4151 	50.1378
0.15250 	2.5746 	44.1875 	46.7621
0.15300 	2.4707 	42.0889 	44.5596
0.15350 	2.3871 	40.4480 	42.8351
0.15400 	2.3189 	39.1076 	41.4265
0.15450 	2.2611 	37.9689 	40.23
0.15500 	2.2093 	36.9934 	39.2027
0.15550 	2.1645 	36.3302 	38.4947
0.15600 	2.128 	36.2446 	38.3726
0.15650 	2.0934 	36.0350 	38.1284
0.15700 	2.0625 	35.9099 	37.9724
0.15750 	2.036 	35.9167 	37.9527
0.15800 	2.0121 	36.0161 	38.0282
0.15850 	1.991 	36.2179 	38.2089
0.15900 	1.9733 	36.5578 	38.5311
0.15950 	1.9584 	36.9710 	38.9294
0.16000 	1.9468 	37.5298 	39.4766
0.16050 	1.9396 	38.2789 	40.2185
0.16100 	1.9372 	39.2269 	41.1641
0.16150 	1.9437 	40.5274 	42.4711
0.16200 	1.9663 	42.5574 	44.5237
0.16250 	2.2603 	56.7151 	58.9754
0.16300 	2.1927 	54.6967 	56.8894
0.16350 	2.1642 	54.5278 	56.692
0.16400 	2.1383 	54.2424 	56.3807
0.16450 	2.1167 	54.0533 	56.17
0.16500 	2.1031 	54.2596 	56.3627
0.16550 	2.0917 	54.3552 	56.4469
0.16600 	2.0837 	54.5012 	56.5849
0.16650 	2.0853 	54.9727 	57.058
0.16700 	2.0915 	55.3788 	57.4703
0.16750 	2.1122 	56.1466 	58.2588
0.16800 	2.3418 	60.5711 	62.9129
0.16850 	2.7014 	68.0359 	70.7373
0.16900 	2.7487 	68.3465 	71.0952
0.16950 	2.3872 	58.8589 	61.2461
0.17000 	2.2234 	54.5480 	56.7714
0.17050 	2.1209 	51.7560 	53.8769
0.17100 	2.0357 	49.4757 	51.5114
0.17150 	1.969 	47.6750 	49.644
0.17200 	1.9144 	46.2125 	48.1269
0.17250 	1.8608 	44.8290 	46.6898
0.17300 	1.8151 	43.6265 	45.4416
0.17350 	1.7752 	42.6211 	44.3963
0.17400 	1.737 	41.5987 	43.3357
0.17450 	1.7009 	40.7159 	42.4168
0.17500 	1.6678 	39.8646 	41.5324
0.17550 	1.6368 	39.1041 	40.7409
0.17600 	1.6062 	38.3320 	39.9382
0.17650 	1.5781 	37.6539 	39.232
0.17700 	1.5509 	36.9909 	38.5418
0.17750 	1.525 	36.3283 	37.8533
0.17800 	1.5004 	35.7110 	37.2114
0.17850 	1.4776 	35.1307 	36.6083
0.17900 	1.4551 	34.5152 	35.9703
0.17950 	1.4318 	33.8058 	35.2376
0.18000 	1.4099 	32.9085 	34.3184
0.18050 	1.3901 	40.4769 	41.867
0.18100 	1.3716 	40.7382 	42.1098
0.18150 	1.3534 	40.7075 	42.0609
0.18200 	1.3356 	40.3928 	41.7284
0.18250 	1.3185 	40.1732 	41.4917
0.18300 	1.3027 	39.9447 	41.2474
0.18350 	1.2874 	39.8293 	41.1167
0.18400 	1.2721 	39.6807 	40.9528
0.18450 	1.2568 	39.4225 	40.6793
0.18500 	1.2422 	39.2171 	40.4593
0.18550 	1.2285 	39.0755 	40.304
0.18600 	1.2151 	38.9367 	40.1518
0.18650 	1.2023 	38.7771 	39.9794
0.18700 	1.1899 	38.6544 	39.8443
0.18750 	1.1781 	38.5552 	39.7333
0.18800 	1.1662 	38.4320 	39.5982
0.18850 	1.1547 	38.3477 	39.5024
0.18900 	1.1439 	38.2578 	39.4017
0.18950 	1.1335 	38.2067 	39.3402
0.19000 	1.1229 	38.1176 	39.2405
0.19050 	1.113 	38.0672 	39.1802
0.19100 	1.1041 	38.0269 	39.131
0.19150 	1.0957 	38.0197 	39.1154
0.19200 	1.0875 	37.9879 	39.0754
0.19250 	1.0796 	37.9798 	39.0594
0.19300 	1.0714 	37.9751 	39.0465
0.19350 	1.0636 	37.9884 	39.052
0.19400 	1.0565 	37.9859 	39.0424
0.19450 	1.0505 	38.0274 	39.0779
0.19500 	1.0445 	38.0719 	39.1164
0.19550 	1.0388 	38.1004 	39.1392
0.19600 	1.034 	38.1676 	39.2016
0.19650 	1.0289 	38.2424 	39.2713
0.19700 	1.024 	38.3035 	39.3275
0.19750 	1.0196 	38.3732 	39.3928
0.19800 	1.0166 	38.4847 	39.5013
0.19850 	1.0141 	38.5910 	39.6051
0.19900 	1.0115 	38.6945 	39.706
0.19950 	1.0096 	38.8300 	39.8396
0.20000 	1.0075 	38.9722 	39.9797
0.20050 	1.0057 	39.0767 	40.0824
0.20100 	1.0052 	39.2171 	40.2223
0.20150 	1.0066 	39.4239 	40.4305
0.20200 	1.0074 	39.5748 	40.5822
0.20250 	1.0084 	39.7357 	40.7441
0.20300 	1.0107 	39.9380 	40.9487
0.20350 	1.0133 	40.1067 	41.12
0.20400 	1.0162 	40.2644 	41.2806
0.20450 	1.0209 	40.4747 	41.4956
0.20500 	1.0258 	40.5961 	41.6219
0.20550 	1.0318 	40.6699 	41.7017
0.20600 	1.042 	40.9381 	41.9801
0.20650 	1.0521 	41.0895 	42.1416
0.20700 	1.0645 	41.2744 	42.3389
0.20750 	1.0771 	41.2857 	42.3628
0.20800 	1.0913 	41.0901 	42.1814
0.20850 	1.1066 	41.5475 	42.6541
0.20900 	1.1228 	42.0624 	43.1852
0.20950 	1.1416 	42.7642 	43.9058
0.21000 	1.1618 	43.5766 	44.7384
0.21050 	1.1849 	44.6255 	45.8104
0.21100 	1.2098 	45.8342 	47.044
0.21150 	1.2401 	47.3599 	48.6
0.21200 	1.2763 	49.2885 	50.5648
0.21250 	1.3212 	51.8349 	53.1561
0.21300 	1.3917 	55.9554 	57.3471
0.21350 	1.4731 	60.7645 	62.2376
0.21400 	1.4792 	60.8277 	62.3069
0.21450 	1.4859 	60.8762 	62.3621
0.21500 	1.493 	60.8383 	62.3313
0.21550 	1.5008 	60.7862 	62.287
0.21600 	1.5093 	60.7943 	62.3036
0.21650 	1.5217 	60.9513 	62.473
0.21700 	1.5305 	60.9176 	62.4481
0.21750 	1.5409 	60.9210 	62.4619
0.21800 	1.5515 	60.8995 	62.451
0.21850 	1.561 	60.7925 	62.3535
0.21900 	1.5671 	60.5200 	62.0871
0.21950 	1.575 	60.3031 	61.8781
0.22000 	1.5781 	59.9815 	61.5596
0.22050 	1.5327 	57.4760 	59.0087
0.22100 	1.3564 	48.9816 	50.338
0.22150 	1.2828 	45.2197 	46.5025
0.22200 	1.2241 	42.2794 	43.5035
0.22250 	1.1818 	39.8612 	41.043
0.22300 	1.148 	37.9172 	39.0652
0.22350 	1.1195 	36.2303 	37.3498
0.22400 	1.0941 	34.7582 	35.8523
0.22450 	1.0754 	33.5260 	34.6014
0.22500 	1.0601 	32.4015 	33.4616
0.22550 	1.0468 	31.4090 	32.4558
0.22600 	1.0376 	30.5681 	31.6057
0.22650 	1.029 	29.7573 	30.7863
0.22700 	1.0206 	28.9785 	29.9991
0.22750 	1.0164 	28.3912 	29.4076
0.22800 	1.0121 	27.7706 	28.7827
0.22850 	1.0088 	27.1915 	28.2003
0.22900 	1.0083 	26.7487 	27.757
0.22950 	1.0075 	26.2279 	27.2354
0.23000 	1.0066 	25.7616 	26.7682
0.23050 	1.0088 	25.3690 	26.3778
0.23100 	1.0103 	24.9317 	25.942
0.23150 	1.0144 	24.5700 	25.5844
0.23200 	1.0195 	24.2786 	25.2981
0.23250 	1.025 	23.8209 	24.8459
0.23300 	1.0195 	20.5833 	21.6028
0.23350 	1.021 	18.9071 	19.9281
0.23400 	1.0254 	17.6821 	18.7075
0.23450 	1.029 	16.6881 	17.7171
0.23500 	1.0345 	15.8524 	16.8869
0.23550 	1.0403 	15.1182 	16.1585
0.23600 	1.0461 	14.4602 	15.5063
0.23650 	1.0504 	13.8480 	14.8984
0.23700 	1.057 	13.3086 	14.3656
0.23750 	1.0643 	12.8263 	13.8906
0.23800 	1.0714 	12.3774 	13.4488
0.23850 	1.0792 	11.9575 	13.0367
0.23900 	1.0873 	11.5769 	12.6642
0.23950 	1.095 	11.2139 	12.3089
0.24000 	1.1014 	10.8678 	11.9692
0.24050 	1.1088 	10.5536 	11.6624
0.24100 	1.1174 	10.2657 	11.3831
0.24150 	1.1264 	9.9880 	11.1144
0.24200 	1.1358 	9.7390 	10.8748
0.24250 	1.1453 	9.4933 	10.6386
0.24300 	1.1547 	9.2686 	10.4233
0.24350 	1.1648 	9.0481 	10.2129
0.24400 	1.178 	8.8433 	10.0213
0.24450 	1.1894 	8.6593 	9.8487
0.24500 	1.2015 	8.4797 	9.6812
0.24550 	1.2138 	8.3115 	9.5253
0.24600 	1.2246 	8.1546 	9.3792
0.24650 	1.2337 	7.9980 	9.2317
0.24700 	1.2429 	7.8529 	9.0958
0.24750 	1.2518 	7.7155 	8.9673
0.24800 	1.2609 	7.5842 	8.8451
0.24850 	1.2703 	7.4608 	8.7311
0.24900 	1.2798 	7.3375 	8.6173
0.24950 	1.2895 	7.2206 	8.5101
0.25000 	1.2988 	7.1071 	8.4059
0.25050 	1.3085 	6.9945 	8.303
0.25100 	1.3183 	6.8877 	8.206
0.25150 	1.3284 	6.7827 	8.1111
0.25200 	1.3386 	6.6769 	8.0155
0.25250 	1.3492 	6.5691 	7.9183
0.25300 	1.3601 	6.4707 	7.8308
0.25350 	1.3707 	6.3460 	7.7167
0.25400 	1.3816 	6.2287 	7.6103
0.25450 	1.3928 	6.0689 	7.4617
0.25500 	1.4044 	5.8447 	7.2491
0.25550 	1.4167 	5.8172 	7.2339
0.25600 	1.4287 	5.7899 	7.2186
0.25650 	1.4405 	5.7628 	7.2033
0.25700 	1.4524 	5.7354 	7.1878
0.25750 	1.464 	5.7080 	7.172
0.25800 	1.4757 	5.6816 	7.1573
0.25850 	1.4873 	5.6557 	7.143
0.25900 	1.4989 	5.6303 	7.1292
0.25950 	1.5107 	5.6054 	7.1161
0.26000 	1.5222 	5.5805 	7.1027
0.26050 	1.5336 	5.5554 	7.089
0.26100 	1.5449 	5.5299 	7.0748
0.26150 	1.5561 	5.5054 	7.0615
0.26200 	1.5673 	5.4811 	7.0484
0.26250 	1.5783 	5.4571 	7.0354
0.26300 	1.5892 	5.4332 	7.0224
0.26350 	1.6001 	5.4097 	7.0098
0.26400 	1.6111 	5.3864 	6.9975
0.26450 	1.6218 	5.3627 	6.9845
0.26500 	1.6326 	5.3396 	6.9722
0.26550 	1.6434 	5.3169 	6.9603
0.26600 	1.6541 	5.2944 	6.9485
0.26650 	1.6646 	5.2720 	6.9366
0.26700 	1.6752 	5.2501 	6.9253
0.26750 	1.6859 	5.2283 	6.9142
0.26800 	1.6964 	5.2065 	6.9029
0.26850 	1.7068 	5.1845 	6.8913
0.26900 	1.7172 	5.1631 	6.8803
0.26950 	1.7275 	5.1418 	6.8693
0.27000 	1.7376 	5.1207 	6.8583
0.27050 	1.7477 	5.0997 	6.8474
0.27100 	1.7579 	5.0791 	6.837
0.27150 	1.768 	5.0585 	6.8265
0.27200 	1.7781 	5.0378 	6.8159
0.27250 	1.788 	5.0173 	6.8053
0.27300 	1.7981 	4.9972 	6.7953
0.27350 	1.8081 	4.9774 	6.7855
0.27400 	1.8181 	4.9576 	6.7757
0.27450 	1.8279 	4.9380 	6.7659
0.27500 	1.8376 	4.9183 	6.7559
0.27550 	1.8475 	4.8988 	6.7463
0.27600 	1.8572 	4.8793 	6.7365
0.27650 	1.8669 	4.8602 	6.7271
0.27700 	1.8766 	4.8411 	6.7177
0.27750 	1.8863 	4.8223 	6.7086
0.27800 	1.8959 	4.8035 	6.6994
0.27850 	1.9052 	4.7846 	6.6898
0.27900 	1.9144 	4.7657 	6.6801
0.27950 	1.9237 	4.7469 	6.6706
0.28000 	1.933 	4.7283 	6.6613
0.28050 	1.9423 	4.7099 	6.6522
0.28100 	1.9516 	4.6917 	6.6433
0.28150 	1.9609 	4.6735 	6.6344
0.28200 	1.97 	4.6553 	6.6253
0.28250 	1.9792 	4.6371 	6.6163
0.28300 	1.9881 	4.6190 	6.6071
0.28350 	1.9971 	4.6012 	6.5983
0.28400 	2.0062 	4.5837 	6.5899
0.28450 	2.0152 	4.5662 	6.5814
0.28500 	2.0244 	4.5489 	6.5733
0.28550 	2.0335 	4.5317 	6.5652
0.28600 	2.0424 	4.5144 	6.5568
0.28650 	2.0513 	4.4971 	6.5484
0.28700 	2.0602 	4.4799 	6.5401
0.28750 	2.069 	4.4629 	6.5319
0.28800 	2.0778 	4.4460 	6.5238
0.28850 	2.0869 	4.4295 	6.5164
0.28900 	2.096 	4.4130 	6.509
0.28950 	2.105 	4.3964 	6.5014
0.29000 	2.1138 	4.3797 	6.4935
0.29050 	2.1226 	4.3632 	6.4858
0.29100 	2.1314 	4.3467 	6.4781
0.29150 	2.1401 	4.3306 	6.4707
0.29200 	2.1488 	4.3144 	6.4632
0.29250 	2.1574 	4.2981 	6.4555
0.29300 	2.1661 	4.2821 	6.4482
0.29350 	2.1747 	4.2661 	6.4408
0.29400 	2.1835 	4.2501 	6.4336
0.29450 	2.1923 	4.2341 	6.4264
0.29500 	2.2011 	4.2183 	6.4194
0.29550 	2.2099 	4.2030 	6.4129
0.29600 	2.2185 	4.1872 	6.4057
0.29650 	2.2269 	4.1715 	6.3984
0.29700 	2.2354 	4.1557 	6.3911
0.29750 	2.2439 	4.1401 	6.384
0.29800 	2.2523 	4.1244 	6.3767
0.29850 	2.2607 	4.1088 	6.3695
0.29900 	2.2692 	4.0933 	6.3625
0.29950 	2.2778 	4.0784 	6.3562
0.30000 	2.2867 	4.0636 	6.3503
0.30050 	2.2955 	4.0486 	6.3441
0.30100 	2.3042 	4.0334 	6.3376
0.30150 	2.3125 	4.0179 	6.3304
0.30200 	2.3211 	4.0028 	6.3239
0.30250 	2.3296 	3.9877 	6.3173
0.30300 	2.3382 	3.9726 	6.3108
0.30350 	2.3469 	3.9581 	6.305
0.30400 	2.3558 	3.9436 	6.2994
0.30450 	2.3645 	3.9292 	6.2937
0.30500 	2.3738 	3.9148 	6.2886
0.30550 	2.383 	3.9003 	6.2833
0.30600 	2.3922 	3.8856 	6.2778
0.30650 	2.4012 	3.8709 	6.2721
0.30700 	2.4102 	3.8563 	6.2665
0.30750 	2.4194 	3.8421 	6.2615
0.30800 	2.4287 	3.8280 	6.2567
0.30850 	2.4379 	3.8139 	6.2518
0.30900 	2.4487 	3.7999 	6.2486
0.30950 	2.4593 	3.7859 	6.2452
0.31000 	2.4701 	3.7720 	6.2421
0.31050 	2.4804 	3.7578 	6.2382
0.31100 	2.4905 	3.7434 	6.2339
0.31150 	2.5044 	3.7297 	6.2341
0.31200 	2.5193 	3.7162 	6.2355
0.31250 	2.5353 	3.7029 	6.2382
0.31300 	2.5532 	3.6897 	6.2429
0.31350 	2.5628 	3.6765 	6.2393
0.31400 	2.566 	3.6631 	6.2291
0.31450 	2.5721 	3.6499 	6.222
0.31500 	2.5783 	3.6365 	6.2148
0.31550 	2.5845 	3.6232 	6.2077
0.31600 	2.5905 	3.6100 	6.2005
0.31650 	2.5944 	3.5965 	6.1909
0.31700 	2.5995 	3.5832 	6.1827
0.31750 	2.6048 	3.5699 	6.1747
0.31800 	2.6106 	3.5567 	6.1673
0.31850 	2.6164 	3.5435 	6.1599
0.31900 	2.6217 	3.5302 	6.1519
0.31950 	2.6269 	3.5171 	6.144
0.32000 	2.6313 	3.5040 	6.1353
0.32050 	2.6362 	3.4907 	6.1269
0.32100 	2.6411 	3.4775 	6.1186
0.32150 	2.6463 	3.4645 	6.1108
0.32200 	2.6515 	3.4515 	6.103
0.32250 	2.6567 	3.4385 	6.0952
0.32300 	2.6617 	3.4254 	6.0871
0.32350 	2.6668 	3.4124 	6.0792
0.32400 	2.6716 	3.3994 	6.071
0.32450 	2.6757 	3.3862 	6.0619
0.32500 	2.6797 	3.3730 	6.0527
0.32550 	2.6842 	3.3599 	6.0441
0.32600 	2.6888 	3.3467 	6.0355
0.32650 	2.6936 	3.3337 	6.0273
0.32700 	2.6983 	3.3207 	6.019
0.32750 	2.7032 	3.3079 	6.0111
0.32800 	2.7079 	3.2951 	6.003
0.32850 	2.7124 	3.2823 	5.9947
0.32900 	2.7166 	3.2694 	5.986
0.32950 	2.7204 	3.2564 	5.9768
0.33000 	2.7242 	3.2431 	5.9673
0.33050 	2.7286 	3.2303 	5.9589
0.33100 	2.733 	3.2176 	5.9506
0.33150 	2.7373 	3.2049 	5.9422
0.33200 	2.7416 	3.1923 	5.9339
0.33250 	2.7458 	3.1795 	5.9253
0.33300 	2.7498 	3.1667 	5.9165
0.33350 	2.7537 	3.1538 	5.9075
0.33400 	2.7575 	3.1408 	5.8983
0.33450 	2.7609 	3.1277 	5.8886
0.33500 	2.7644 	3.1146 	5.879
0.33550 	2.7679 	3.1016 	5.8695
0.33600 	2.7718 	3.0890 	5.8608
0.33650 	2.7759 	3.0766 	5.8525
0.33700 	2.7799 	3.0642 	5.8441
0.33750 	2.784 	3.0518 	5.8358
0.33800 	2.7878 	3.0393 	5.8271
0.33850 	2.7917 	3.0268 	5.8185
0.33900 	2.7952 	3.0142 	5.8094
0.33950 	2.7982 	3.0012 	5.7994
0.34000 	2.8014 	2.9882 	5.7896
0.34050 	2.8045 	2.9755 	5.78
0.34100 	2.808 	2.9630 	5.771
0.34150 	2.8115 	2.9505 	5.762
0.34200 	2.815 	2.9381 	5.7531
0.34250 	2.8183 	2.9256 	5.7439
0.34300 	2.8217 	2.9131 	5.7348
0.34350 	2.8249 	2.9006 	5.7255
0.34400 	2.8282 	2.8881 	5.7163
0.34450 	2.8313 	2.8755 	5.7068
0.34500 	2.8341 	2.8627 	5.6968
0.34550 	2.837 	2.8501 	5.6871
0.34600 	2.8401 	2.8378 	5.6779
0.34650 	2.8433 	2.8256 	5.6689
0.34700 	2.8468 	2.8137 	5.6605
0.34750 	2.85 	2.8016 	5.6516
0.34800 	2.8533 	2.7895 	5.6428
0.34850 	2.8564 	2.7773 	5.6337
0.34900 	2.8593 	2.7649 	5.6242
0.34950 	2.8616 	2.7521 	5.6137
0.35000 	2.8641 	2.7395 	5.6036
0.35050 	2.8668 	2.7271 	5.5939
0.35100 	2.8695 	2.7148 	5.5843
0.35150 	2.8721 	2.7024 	5.5745
0.35200 	2.8749 	2.6903 	5.5652
0.35250 	2.8778 	2.6783 	5.5561
0.35300 	2.8809 	2.6664 	5.5473
0.35350 	2.8838 	2.6546 	5.5384
0.35400 	2.8865 	2.6425 	5.529
0.35450 	2.889 	2.6302 	5.5192
0.35500 	2.8914 	2.6180 	5.5094
0.35550 	2.8942 	2.6062 	5.5004
0.35600 	2.8971 	2.5944 	5.4915
0.35650 	2.9 	2.5826 	5.4826
0.35700 	2.9026 	2.5707 	5.4733
0.35750 	2.9052 	2.5588 	5.464
0.35800 	2.9077 	2.5468 	5.4545
0.35850 	2.91 	2.5347 	5.4447
0.35900 	2.9121 	2.5224 	5.4345
0.35950 	2.9141 	2.5101 	5.4242
0.36000 	2.9163 	2.4980 	5.4143
0.36050 	2.919 	2.4864 	5.4054
0.36100 	2.9217 	2.4748 	5.3965
0.36150 	2.9245 	2.4631 	5.3876
0.36200 	2.9271 	2.4516 	5.3787
0.36250 	2.93 	2.4403 	5.3703
0.36300 	2.9327 	2.4289 	5.3616
0.36350 	2.9356 	2.4177 	5.3533
0.36400 	2.9382 	2.4063 	5.3445
0.36450 	2.9407 	2.3946 	5.3353
0.36500 	2.943 	2.3828 	5.3258
0.36550 	2.945 	2.3708 	5.3158
0.36600 	2.9475 	2.3593 	5.3068
0.36650 	2.9502 	2.3480 	5.2982
0.36700 	2.9528 	2.3366 	5.2894
0.36750 	2.9555 	2.3253 	5.2808
0.36800 	2.9576 	2.3135 	5.2711
0.36850 	2.9603 	2.3023 	5.2626
0.36900 	2.9629 	2.2909 	5.2538
0.36950 	2.9654 	2.2794 	5.2448
0.37000 	2.9683 	2.2683 	5.2366
0.37050 	2.9712 	2.2573 	5.2285
0.37100 	2.9743 	2.2465 	5.2208
0.37150 	2.9776 	2.2359 	5.2135
0.37200 	2.9817 	2.2260 	5.2077
0.37250 	2.9853 	2.2156 	5.2009
0.37300 	2.9884 	2.2047 	5.1931
0.37350 	2.9911 	2.1934 	5.1845
0.37400 	2.9935 	2.1818 	5.1753
0.37450 	2.9958 	2.1702 	5.166
0.37500 	2.9988 	2.1592 	5.158
0.37550 	3.0029 	2.1491 	5.152
0.37600 	3.0067 	2.1387 	5.1454
0.37650 	3.0102 	2.1282 	5.1384
0.37700 	3.0138 	2.1176 	5.1314
0.37750 	3.0177 	2.1073 	5.125
0.37800 	3.0218 	2.0970 	5.1188
0.37850 	3.0258 	2.0867 	5.1125
0.37900 	3.0304 	2.0768 	5.1072
0.37950 	3.0353 	2.0672 	5.1025
0.38000 	3.0413 	2.0585 	5.0998
0.38050 	3.0473 	2.0496 	5.0969
0.38100 	3.0521 	2.0396 	5.0917
0.38150 	3.0575 	2.0300 	5.0875
0.38200 	3.0627 	2.0201 	5.0828
0.38250 	3.0675 	2.0099 	5.0774
0.38300 	3.0729 	2.0000 	5.0729
0.38350 	3.0784 	1.9901 	5.0685
0.38400 	3.0844 	1.9807 	5.0651
0.38450 	3.0905 	1.9713 	5.0618
0.38500 	3.0982 	1.9628 	5.061
0.38550 	3.106 	1.9544 	5.0604
0.38600 	3.1159 	1.9472 	5.0631
0.38650 	3.1269 	1.9407 	5.0676
0.38700 	3.1376 	1.9341 	5.0717
0.38750 	3.1475 	1.9267 	5.0742
0.38800 	3.1577 	1.9193 	5.077
0.38850 	3.1705 	1.9135 	5.084
0.38900 	3.1827 	1.9072 	5.0899
0.38950 	3.1947 	1.8997 	5.0944
0.39000 	3.2135 	1.8972 	5.1107
0.39050 	3.2248 	1.8888 	5.1136
0.39100 	3.2389 	1.8823 	5.1212
0.39150 	3.257 	1.8783 	5.1353
0.39200 	3.278 	1.8760 	5.154
0.39250 	3.3018 	1.8752 	5.177
0.39300 	3.324 	1.8730 	5.197
0.39350 	3.352 	1.8743 	5.2263
0.39400 	3.3831 	1.8768 	5.2599
0.39450 	3.4172 	1.8805 	5.2977
0.39500 	3.4566 	1.8869 	5.3435
0.39550 	3.4988 	1.8947 	5.3935
0.39600 	3.5395 	1.9001 	5.4396
0.39650 	3.5833 	1.9071 	5.4904
0.39700 	3.6345 	1.9177 	5.5522
0.39750 	3.6962 	1.9335 	5.6297
0.39800 	3.752 	1.9449 	5.6969
0.39850 	3.8205 	1.9624 	5.7829
0.39900 	3.8759 	1.9730 	5.8489
0.39950 	3.9165 	1.9746 	5.8911
0.40000 	3.9358 	1.9638 	5.8996
0.40050 	4.9752 	2.6614 	7.6366
0.40100 	6.2165 	3.5335 	9.75
0.40150 	6.576 	3.7969 	10.3729
0.40200 	6.6867 	3.8956 	10.5823
0.40250 	6.6663 	3.8964 	10.5627
0.40300 	6.6633 	3.9106 	10.5739
0.40350 	6.6602 	3.9341 	10.5943
0.40400 	6.6298 	3.9281 	10.5579
0.40450 	6.5995 	3.9258 	10.5253
0.40500 	6.6023 	3.9478 	10.5501
0.40550 	6.5722 	3.9397 	10.5119
0.40600 	6.533 	3.9360 	10.469
0.40650 	6.5346 	3.9495 	10.4841
0.40700 	6.5141 	3.9586 	10.4727
0.40750 	6.5164 	3.9781 	10.4945
0.40800 	6.3949 	3.8844 	10.2793
0.40850 	5.9963 	3.5390 	9.5353
0.40900 	5.7619 	3.3519 	9.1138
0.40950 	5.6065 	3.2199 	8.8264
0.41000 	5.4799 	3.1152 	8.5951
0.41050 	5.3511 	3.0174 	8.3685
0.41100 	5.2494 	2.9356 	8.185
0.41150 	5.1582 	2.8642 	8.0224
0.41200 	5.0659 	2.7967 	7.8626
0.41250 	4.9826 	2.7351 	7.7177
0.41300 	4.9228 	2.6852 	7.608
0.41350 	4.8528 	2.6329 	7.4857
0.41400 	4.7856 	2.5847 	7.3703
0.41450 	4.7207 	2.5411 	7.2618
0.41500 	4.6671 	2.5009 	7.168
0.41550 	4.6151 	2.4623 	7.0774
0.41600 	4.5655 	2.4261 	6.9916
0.41650 	4.5022 	2.3864 	6.8886
0.41700 	4.4562 	2.3531 	6.8093
0.41750 	4.4144 	2.3216 	6.736
0.41800 	4.3685 	2.2898 	6.6583
0.41850 	4.3153 	2.2563 	6.5716
0.41900 	4.274 	2.2286 	6.5026
0.41950 	4.2353 	2.2027 	6.438
0.42000 	4.1944 	2.1767 	6.3711
0.42050 	4.1605 	2.1526 	6.3131
0.42100 	4.1178 	2.1273 	6.2451
0.42150 	4.0874 	2.1075 	6.1949
0.42200 	4.0517 	2.0853 	6.137
0.42250 	4.0047 	2.0596 	6.0643
0.42300 	3.9392 	2.0278 	5.967
0.42350 	3.8351 	1.9847 	5.8198
0.42400 	3.7609 	1.9526 	5.7135
0.42450 	3.71 	1.9275 	5.6375
0.42500 	3.6546 	1.9023 	5.5569
0.42550 	3.6212 	1.8844 	5.5056
0.42600 	3.5747 	1.8613 	5.436
0.42650 	3.5232 	1.8378 	5.361
0.42700 	3.4935 	1.8210 	5.3145
0.42750 	3.4689 	1.8069 	5.2758
0.42800 	3.4355 	1.7899 	5.2254
0.42850 	3.406 	1.7761 	5.1821
0.42900 	3.3825 	1.7643 	5.1468
0.42950 	3.3575 	1.7513 	5.1088
0.43000 	3.354 	1.7460 	5.1
0.43050 	3.3098 	1.7260 	5.0358
0.43100 	3.2915 	1.7146 	5.0061
0.43150 	3.2726 	1.7027 	4.9753
0.43200 	3.25 	1.6904 	4.9404
0.43250 	3.2314 	1.6800 	4.9114
0.43300 	3.23 	1.6760 	4.906
0.43350 	3.2025 	1.6640 	4.8665
0.43400 	3.1958 	1.6585 	4.8543
0.43450 	3.1874 	1.6529 	4.8403
0.43500 	3.1739 	1.6462 	4.8201
0.43550 	3.1649 	1.6399 	4.8048
0.43600 	3.1555 	1.6331 	4.7886
0.43650 	3.144 	1.6248 	4.7688
0.43700 	3.1355 	1.6176 	4.7531
0.43750 	3.129 	1.6128 	4.7418
0.43800 	3.1208 	1.6084 	4.7292
0.43850 	3.1181 	1.6057 	4.7238
0.43900 	3.1187 	1.6036 	4.7223
0.43950 	3.1198 	1.6016 	4.7214
0.44000 	3.1265 	1.6015 	4.728
0.44050 	3.1236 	1.5977 	4.7213
0.44100 	3.1143 	1.5914 	4.7057
0.44150 	3.116 	1.5891 	4.7051
0.44200 	3.1244 	1.5897 	4.7141
0.44250 	3.132 	1.5907 	4.7227
0.44300 	3.1382 	1.5916 	4.7298
0.44350 	3.1485 	1.5934 	4.7419
0.44400 	3.2469 	1.6218 	4.8687
0.44450 	3.3447 	1.6503 	4.995
0.44500 	3.4273 	1.6735 	5.1008
0.44550 	3.5172 	1.7017 	5.2189
0.44600 	3.6303 	1.7371 	5.3674
0.44650 	3.808 	1.7913 	5.5993
0.44700 	3.8734 	1.8086 	5.682
0.44750 	3.9161 	1.8206 	5.7367
0.44800 	3.9018 	1.8145 	5.7163
0.44850 	3.886 	1.8090 	5.695
0.44900 	3.9713 	1.8238 	5.7951
0.44950 	3.7757 	1.7825 	5.5582
0.45000 	3.6209 	1.7491 	5.37
0.45050 	3.6616 	1.7592 	5.4208
0.45100 	3.6859 	1.7630 	5.4489
0.45150 	3.7108 	1.7651 	5.4759
0.45200 	3.7152 	1.7639 	5.4791
0.45250 	3.7456 	1.7708 	5.5164
0.45300 	3.7792 	1.7785 	5.5577
0.45350 	3.8102 	1.7841 	5.5943
0.45400 	3.8348 	1.7865 	5.6213
0.45450 	3.8399 	1.7841 	5.624
0.45500 	3.8675 	1.7889 	5.6564
0.45550 	3.8995 	1.7954 	5.6949
0.45600 	3.9368 	1.8036 	5.7404
0.45650 	3.962 	1.8068 	5.7688
0.45700 	3.986 	1.8102 	5.7962
0.45750 	4.0121 	1.8147 	5.8268
0.45800 	4.0426 	1.8201 	5.8627
0.45850 	4.0755 	1.8266 	5.9021
0.45900 	4.1107 	1.8338 	5.9445
0.45950 	4.1435 	1.8395 	5.983
0.46000 	4.1741 	1.8431 	6.0172
0.46050 	4.2044 	1.8480 	6.0524
0.46100 	4.2431 	1.8558 	6.0989
0.46150 	4.2919 	1.8669 	6.1588
0.46200 	4.3473 	1.8799 	6.2272
0.46250 	4.4191 	1.8977 	6.3168
0.46300 	4.5432 	1.9285 	6.4717
0.46350 	4.5214 	1.9178 	6.4392
0.46400 	4.5278 	1.9146 	6.4424
0.46450 	4.5497 	1.9174 	6.4671
0.46500 	4.579 	1.9223 	6.5013
0.46550 	4.6065 	1.9271 	6.5336
0.46600 	4.6227 	1.9280 	6.5507
0.46650 	4.6454 	1.9311 	6.5765
0.46700 	4.659 	1.9311 	6.5901
0.46750 	4.6701 	1.9305 	6.6006
0.46800 	4.6815 	1.9301 	6.6116
0.46850 	4.6972 	1.9309 	6.6281
0.46900 	4.7128 	1.9318 	6.6446
0.46950 	4.7279 	1.9326 	6.6605
0.47000 	4.7439 	1.9339 	6.6778
0.47050 	4.7606 	1.9349 	6.6955
0.47100 	4.7741 	1.9350 	6.7091
0.47150 	4.7857 	1.9346 	6.7203
0.47200 	4.7951 	1.9337 	6.7288
0.47250 	4.8047 	1.9329 	6.7376
0.47300 	4.8148 	1.9324 	6.7472
0.47350 	4.827 	1.9325 	6.7595
0.47400 	4.8403 	1.9331 	6.7734
0.47450 	4.8524 	1.9331 	6.7855
0.47500 	4.8641 	1.9334 	6.7975
0.47550 	4.8739 	1.9329 	6.8068
0.47600 	4.8804 	1.9310 	6.8114
0.47650 	4.8872 	1.9293 	6.8165
0.47700 	4.8954 	1.9280 	6.8234
0.47750 	4.9038 	1.9269 	6.8307
0.47800 	4.9131 	1.9263 	6.8394
0.47850 	4.9215 	1.9255 	6.847
0.47900 	4.9292 	1.9245 	6.8537
0.47950 	4.9366 	1.9234 	6.86
0.48000 	4.944 	1.9225 	6.8665
0.48050 	4.9494 	1.9210 	6.8704
0.48100 	4.9543 	1.9191 	6.8734
0.48150 	4.9596 	1.9172 	6.8768
0.48200 	4.9651 	1.9153 	6.8804
0.48250 	4.9709 	1.9136 	6.8845
0.48300 	4.9776 	1.9127 	6.8903
0.48350 	4.9818 	1.9105 	6.8923
0.48400 	4.9862 	1.9084 	6.8946
0.48450 	4.9906 	1.9066 	6.8972
0.48500 	4.9945 	1.9049 	6.8994
0.48550 	4.9972 	1.9025 	6.8997
0.48600 	5.0009 	1.9006 	6.9015
0.48650 	5.0059 	1.8991 	6.905
0.48700 	5.0103 	1.8975 	6.9078
0.48750 	5.0144 	1.8958 	6.9102
0.48800 	5.0177 	1.8938 	6.9115
0.48850 	5.0211 	1.8919 	6.913
0.48900 	5.0247 	1.8902 	6.9149
0.48950 	5.0274 	1.8883 	6.9157
0.49000 	5.0302 	1.8866 	6.9168
0.49050 	5.0332 	1.8847 	6.9179
0.49100 	5.0359 	1.8826 	6.9185
0.49150 	5.0394 	1.8811 	6.9205
0.49200 	5.0442 	1.8803 	6.9245
0.49250 	5.0561 	1.8832 	6.9393
0.49300 	5.0656 	1.8847 	6.9503
0.49350 	5.0775 	1.8874 	6.9649
0.49400 	5.0876 	1.8895 	6.9771
0.49450 	5.1117 	1.8989 	7.0106
0.49500 	5.1133 	1.8967 	7.01
0.49550 	5.1045 	1.8892 	6.9937
0.49600 	5.1082 	1.8878 	6.996
0.49650 	5.0908 	1.8763 	6.9671
0.49700 	5.0484 	1.8527 	6.9011
0.49750 	4.9619 	1.8076 	6.7695
0.49800 	4.9112 	1.7802 	6.6914
0.49850 	4.8695 	1.7576 	6.6271
0.49900 	4.837 	1.7401 	6.5771
0.49950 	4.8063 	1.7235 	6.5298
0.50000 	4.7786 	1.7084 	6.487
0.50050 	4.7568 	1.6958 	6.4526
0.50100 	4.7347 	1.6837 	6.4184
0.50150 	4.713 	1.6720 	6.385
0.50200 	4.6909 	1.6602 	6.3511
0.50250 	4.6757 	1.6509 	6.3266
0.50300 	4.6554 	1.6401 	6.2955
0.50350 	4.6374 	1.6306 	6.268
0.50400 	4.6218 	1.6220 	6.2438
0.50450 	4.6069 	1.6137 	6.2206
0.50500 	4.5884 	1.6043 	6.1927
0.50550 	4.5781 	1.5979 	6.176
0.50600 	4.5557 	1.5871 	6.1428
0.50650 	4.5447 	1.5808 	6.1255
0.50700 	4.4713 	1.5507 	6.022
0.50750 	4.4288 	1.5323 	5.9611
0.50800 	4.3869 	1.5141 	5.901
0.50850 	4.3459 	1.4963 	5.8422
0.50900 	4.3179 	1.4833 	5.8012
0.50950 	4.2922 	1.4712 	5.7634
0.51000 	4.2671 	1.4595 	5.7266
0.51050 	4.2418 	1.4476 	5.6894
0.51100 	4.2167 	1.4358 	5.6525
0.51150 	4.1912 	1.4240 	5.6152
0.51200 	4.1683 	1.4131 	5.5814
0.51250 	4.1475 	1.4031 	5.5506
0.51300 	4.1272 	1.3934 	5.5206
0.51350 	4.1076 	1.3839 	5.4915
0.51400 	4.0882 	1.3745 	5.4627
0.51450 	4.0692 	1.3652 	5.4344
0.51500 	4.0503 	1.3559 	5.4062
0.51550 	4.0314 	1.3466 	5.378
0.51600 	4.0127 	1.3376 	5.3503
0.51650 	3.9949 	1.3289 	5.3238
0.51700 	3.978 	1.3206 	5.2986
0.51750 	3.9614 	1.3123 	5.2737
0.51800 	3.9451 	1.3042 	5.2493
0.51850 	3.9293 	1.2963 	5.2256
0.51900 	3.9135 	1.2884 	5.2019
0.51950 	3.8983 	1.2808 	5.1791
0.52000 	3.8834 	1.2732 	5.1566
0.52050 	3.8681 	1.2655 	5.1336
0.52100 	3.8521 	1.2578 	5.1099
0.52150 	3.8368 	1.2502 	5.087
0.52200 	3.8218 	1.2427 	5.0645
0.52250 	3.8083 	1.2359 	5.0442
0.52300 	3.7946 	1.2289 	5.0235
0.52350 	3.7809 	1.2218 	5.0027
0.52400 	3.7672 	1.2149 	4.9821
0.52450 	3.7541 	1.2080 	4.9621
0.52500 	3.7407 	1.2012 	4.9419
0.52550 	3.7277 	1.1947 	4.9224
0.52600 	3.7155 	1.1884 	4.9039
0.52650 	3.7032 	1.1823 	4.8855
0.52700 	3.6899 	1.1755 	4.8654
0.52750 	3.6768 	1.1688 	4.8456
0.52800 	3.664 	1.1623 	4.8263
0.52850 	3.652 	1.1560 	4.808
0.52900 	3.6399 	1.1497 	4.7896
0.52950 	3.6276 	1.1434 	4.771
0.53000 	3.6157 	1.1372 	4.7529
0.53050 	3.6041 	1.1312 	4.7353
0.53100 	3.5944 	1.1264 	4.7208
0.53150 	3.5839 	1.1207 	4.7046
0.53200 	3.5721 	1.1145 	4.6866
0.53250 	3.5604 	1.1083 	4.6687
0.53300 	3.5487 	1.1022 	4.6509
0.53350 	3.5373 	1.0963 	4.6336
0.53400 	3.5267 	1.0906 	4.6173
0.53450 	3.5164 	1.0851 	4.6015
0.53500 	3.5056 	1.0795 	4.5851
0.53550 	3.4962 	1.0748 	4.571
0.53600 	3.4848 	1.0687 	4.5535
0.53650 	3.4738 	1.0628 	4.5366
0.53700 	3.4629 	1.0569 	4.5198
0.53750 	3.5556 	1.0969 	4.6525
0.53800 	3.595 	1.1133 	4.7083
0.53850 	3.6131 	1.1202 	4.7333
0.53900 	3.6339 	1.1285 	4.7624
0.53950 	3.6329 	1.1270 	4.7599
0.54000 	3.6435 	1.1303 	4.7738
0.54050 	3.6544 	1.1338 	4.7882
0.54100 	3.6581 	1.1342 	4.7923
0.54150 	3.6702 	1.1382 	4.8084
0.54200 	3.6776 	1.1406 	4.8182
0.54250 	3.679 	1.1398 	4.8188
0.54300 	3.6851 	1.1412 	4.8263
0.54350 	3.6877 	1.1411 	4.8288
0.54400 	3.6928 	1.1422 	4.835
0.54450 	3.6963 	1.1424 	4.8387
0.54500 	3.6994 	1.1426 	4.842
0.54550 	3.7034 	1.1434 	4.8468
0.54600 	3.702 	1.1418 	4.8438
0.54650 	3.7023 	1.1415 	4.8438
0.54700 	3.6997 	1.1399 	4.8396
0.54750 	3.7039 	1.1421 	4.846
0.54800 	3.7024 	1.1418 	4.8442
0.54850 	3.7072 	1.1449 	4.8521
0.54900 	3.711 	1.1478 	4.8588
0.54950 	3.717 	1.1523 	4.8693
0.55000 	3.7291 	1.1604 	4.8895
0.55050 	3.7318 	1.1640 	4.8958
0.55100 	3.7457 	1.1740 	4.9197
0.55150 	3.7594 	1.1840 	4.9434
0.55200 	3.7829 	1.1998 	4.9827
0.55250 	3.7953 	1.2100 	5.0053
0.55300 	3.832 	1.2344 	5.0664
0.55350 	3.8593 	1.2536 	5.1129
0.55400 	3.896 	1.2793 	5.1753
0.55450 	3.947 	1.3144 	5.2614
0.55500 	4.0379 	1.3754 	5.4133
0.55550 	4.276 	1.5328 	5.8088
0.55600 	4.126 	1.4421 	5.5681
0.55650 	4.1297 	1.4489 	5.5786
0.55700 	4.1357 	1.4568 	5.5925
0.55750 	4.1328 	1.4601 	5.5929
0.55800 	4.1435 	1.4713 	5.6148
0.55850 	4.1568 	1.4843 	5.6411
0.55900 	4.1678 	1.4961 	5.6639
0.55950 	4.1802 	1.5083 	5.6885
0.56000 	4.1858 	1.5165 	5.7023
0.56050 	4.1921 	1.5250 	5.7171
0.56100 	4.1963 	1.5323 	5.7286
0.56150 	4.194 	1.5350 	5.729
0.56200 	4.1883 	1.5350 	5.7233
0.56250 	4.1925 	1.5410 	5.7335
0.56300 	4.1974 	1.5477 	5.7451
0.56350 	4.2009 	1.5534 	5.7543
0.56400 	4.2066 	1.5606 	5.7672
0.56450 	4.2126 	1.5681 	5.7807
0.56500 	4.219 	1.5755 	5.7945
0.56550 	4.2275 	1.5842 	5.8117
0.56600 	4.2356 	1.5926 	5.8282
0.56650 	4.2432 	1.6005 	5.8437
0.56700 	4.2504 	1.6082 	5.8586
0.56750 	4.2573 	1.6157 	5.873
0.56800 	4.2637 	1.6228 	5.8865
0.56850 	4.2703 	1.6296 	5.8999
0.56900 	4.276 	1.6358 	5.9118
0.56950 	4.2781 	1.6394 	5.9175
0.57000 	4.281 	1.6433 	5.9243
0.57050 	4.2861 	1.6485 	5.9346
0.57100 	4.2926 	1.6546 	5.9472
0.57150 	4.2994 	1.6608 	5.9602
0.57200 	4.3068 	1.6672 	5.974
0.57250 	4.3139 	1.6735 	5.9874
0.57300 	4.3208 	1.6798 	6.0006
0.57350 	4.328 	1.6860 	6.014
0.57400 	4.3358 	1.6923 	6.0281
0.57450 	4.3447 	1.6991 	6.0438
0.57500 	4.3534 	1.7058 	6.0592
0.57550 	4.3621 	1.7122 	6.0743
0.57600 	4.3704 	1.7183 	6.0887
0.57650 	4.3784 	1.7242 	6.1026
0.57700 	4.3864 	1.7298 	6.1162
0.57750 	4.3941 	1.7351 	6.1292
0.57800 	4.4019 	1.7398 	6.1417
0.57850 	4.4074 	1.7431 	6.1505
0.57900 	4.4139 	1.7472 	6.1611
0.57950 	4.4215 	1.7517 	6.1732
0.58000 	4.4297 	1.7565 	6.1862
0.58050 	4.4388 	1.7616 	6.2004
0.58100 	4.4487 	1.7668 	6.2155
0.58150 	4.4594 	1.7723 	6.2317
0.58200 	4.4693 	1.7773 	6.2466
0.58250 	4.4793 	1.7824 	6.2617
0.58300 	4.4891 	1.7873 	6.2764
0.58350 	4.5001 	1.7924 	6.2925
0.58400 	4.5119 	1.7975 	6.3094
0.58450 	4.5247 	1.8028 	6.3275
0.58500 	4.5365 	1.8076 	6.3441
0.58550 	4.5474 	1.8118 	6.3592
0.58600 	4.5583 	1.8158 	6.3741
0.58650 	4.57 	1.8198 	6.3898
0.58700 	4.5824 	1.8233 	6.4057
0.58750 	4.5936 	1.8258 	6.4194
0.58800 	4.6068 	1.8295 	6.4363
0.58850 	4.6206 	1.8332 	6.4538
0.58900 	4.6352 	1.8369 	6.4721
0.58950 	4.6533 	1.8416 	6.4949
0.59000 	4.6706 	1.8457 	6.5163
0.59050 	4.6872 	1.8494 	6.5366
0.59100 	4.7065 	1.8539 	6.5604
0.59150 	4.7266 	1.8580 	6.5846
0.59200 	4.7485 	1.8621 	6.6106
0.59250 	4.7724 	1.8668 	6.6392
0.59300 	4.7961 	1.8707 	6.6668
0.59350 	4.8278 	1.8764 	6.7042
0.59400 	4.859 	1.8812 	6.7402
0.59450 	4.8932 	1.8862 	6.7794
0.59500 	4.9333 	1.8917 	6.825
0.59550 	4.9818 	1.8981 	6.8799
0.59600 	5.0362 	1.9045 	6.9407
0.59650 	5.2687 	1.9151 	7.1838
0.59700 	5.5768 	1.9335 	7.5103
0.59750 	5.9918 	1.9751 	7.9669
0.59800 	6.6586 	2.0478 	8.7064
0.59850 	6.248 	1.9796 	8.2276
0.59900 	5.7353 	1.9059 	7.6412
0.59950 	5.5642 	1.8767 	7.4409
0.60000 	5.3588 	1.8415 	7.2003
0.60050 	5.2298 	1.8195 	7.0493
0.60100 	5.1686 	1.8069 	6.9755
0.60150 	5.0959 	1.7925 	6.8884
0.60200 	4.9788 	1.7709 	6.7497
0.60250 	4.9244 	1.7600 	6.6844
0.60300 	4.8946 	1.7526 	6.6472
0.60350 	4.8563 	1.7443 	6.6006
0.60400 	4.8119 	1.7350 	6.5469
0.60450 	4.7517 	1.7228 	6.4745
0.60500 	4.694 	1.7108 	6.4048
0.60550 	4.6742 	1.7047 	6.3789
0.60600 	4.654 	1.6987 	6.3527
0.60650 	4.6272 	1.6925 	6.3197
0.60700 	4.5975 	1.6858 	6.2833
0.60750 	4.5624 	1.6782 	6.2406
0.60800 	4.5127 	1.6678 	6.1805
0.60850 	4.4905 	1.6622 	6.1527
0.60900 	4.4772 	1.6588 	6.136
0.60950 	4.4636 	1.6553 	6.1189
0.61000 	4.4486 	1.6516 	6.1002
0.61050 	4.4289 	1.6474 	6.0763
0.61100 	4.4069 	1.6428 	6.0497
0.61150 	4.3775 	1.6367 	6.0142
0.61200 	4.3498 	1.6304 	5.9802
0.61250 	4.3276 	1.6246 	5.9522
0.61300 	4.3167 	1.6220 	5.9387
0.61350 	4.3055 	1.6193 	5.9248
0.61400 	4.2941 	1.6164 	5.9105
0.61450 	4.2821 	1.6131 	5.8952
0.61500 	4.2657 	1.6090 	5.8747
0.61550 	4.248 	1.6051 	5.8531
0.61600 	4.2256 	1.6003 	5.8259
0.61650 	4.2074 	1.5959 	5.8033
0.61700 	4.1912 	1.5916 	5.7828
0.61750 	4.176 	1.5873 	5.7633
0.61800 	4.1655 	1.5848 	5.7503
0.61850 	4.1569 	1.5831 	5.74
0.61900 	4.1481 	1.5812 	5.7293
0.61950 	4.1392 	1.5794 	5.7186
0.62000 	4.1289 	1.5773 	5.7062
0.62050 	4.1154 	1.5747 	5.6901
0.62100 	4.0985 	1.5714 	5.6699
0.62150 	4.0849 	1.5685 	5.6534
0.62200 	4.0727 	1.5656 	5.6383
0.62250 	4.0613 	1.5627 	5.624
0.62300 	4.0502 	1.5596 	5.6098
0.62350 	4.0384 	1.5559 	5.5943
0.62400 	4.0268 	1.5521 	5.5789
0.62450 	4.0192 	1.5505 	5.5697
0.62500 	4.0114 	1.5489 	5.5603
0.62550 	4.0037 	1.5474 	5.5511
0.62600 	3.9952 	1.5457 	5.5409
0.62650 	3.9825 	1.5434 	5.5259
0.62700 	3.97 	1.5410 	5.511
0.62750 	3.9598 	1.5388 	5.4986
0.62800 	3.9505 	1.5367 	5.4872
0.62850 	3.9417 	1.5347 	5.4764
0.62900 	3.9333 	1.5328 	5.4661
0.62950 	3.9251 	1.5308 	5.4559
0.63000 	3.917 	1.5289 	5.4459
0.63050 	3.909 	1.5269 	5.4359
0.63100 	3.901 	1.5249 	5.4259
0.63150 	3.8931 	1.5229 	5.416
0.63200 	3.8854 	1.5210 	5.4064
0.63250 	3.8779 	1.5193 	5.3972
0.63300 	3.8669 	1.5171 	5.384
0.63350 	3.8566 	1.5151 	5.3717
0.63400 	3.8483 	1.5133 	5.3616
0.63450 	3.8405 	1.5116 	5.3521
0.63500 	3.8329 	1.5099 	5.3428
0.63550 	3.8257 	1.5083 	5.334
0.63600 	3.8187 	1.5068 	5.3255
0.63650 	3.8119 	1.5052 	5.3171
0.63700 	3.8051 	1.5038 	5.3089
0.63750 	3.7985 	1.5023 	5.3008
0.63800 	3.7917 	1.5008 	5.2925
0.63850 	3.7852 	1.4994 	5.2846
0.63900 	4.5115 	1.5266 	6.0381
0.63950 	4.6306 	1.5632 	6.1938
0.64000 	4.7154 	1.5979 	6.3133
0.64050 	4.7481 	1.6336 	6.3817
0.64100 	4.7841 	1.6715 	6.4556
0.64150 	4.8414 	1.7159 	6.5573
0.64200 	4.8792 	1.7677 	6.6469
0.64250 	4.931 	1.8351 	6.7661
0.64300 	5.0149 	1.9386 	6.9535
0.64350 	5.1973 	2.1764 	7.3737
0.64400 	5.3241 	2.3791 	7.7032
0.64450 	5.3522 	2.4470 	7.7992
0.64500 	5.2969 	2.3884 	7.6853
0.64550 	5.2892 	2.3884 	7.6776
0.64600 	5.2985 	2.4095 	7.708
0.64650 	5.2951 	2.4202 	7.7153
0.64700 	5.2765 	2.4122 	7.6887
0.64750 	5.2522 	2.3942 	7.6464
0.64800 	5.2456 	2.3975 	7.6431
0.64850 	5.2421 	2.4026 	7.6447
0.64900 	5.2387 	2.4052 	7.6439
0.64950 	5.233 	2.4081 	7.6411
0.65000 	5.2272 	2.4116 	7.6388
0.65050 	5.2174 	2.4100 	7.6274
0.65100 	5.2036 	2.4018 	7.6054
0.65150 	5.1968 	2.3999 	7.5967
0.65200 	5.1943 	2.4016 	7.5959
0.65250 	5.1941 	2.4058 	7.5999
0.65300 	5.1891 	2.4083 	7.5974
0.65350 	5.184 	2.4099 	7.5939
0.65400 	5.1794 	2.4107 	7.5901
0.65450 	5.1748 	2.4109 	7.5857
0.65500 	5.1716 	2.4129 	7.5845
0.65550 	5.1638 	2.4104 	7.5742
0.65600 	5.1574 	2.4091 	7.5665
0.65650 	5.1531 	2.4091 	7.5622
0.65700 	5.1465 	2.4090 	7.5555
0.65750 	5.1417 	2.4099 	7.5516
0.65800 	5.1389 	2.4126 	7.5515
0.65850 	5.137 	2.4155 	7.5525
0.65900 	5.1339 	2.4169 	7.5508
0.65950 	5.1309 	2.4178 	7.5487
0.66000 	5.1278 	2.4181 	7.5459
0.66050 	5.1244 	2.4179 	7.5423
0.66100 	5.1187 	2.4165 	7.5352
0.66150 	5.1151 	2.4185 	7.5336
0.66200 	5.1109 	2.4195 	7.5304
0.66250 	5.1068 	2.4202 	7.527
0.66300 	5.103 	2.4209 	7.5239
0.66350 	5.0996 	2.4214 	7.521
0.66400 	5.0968 	2.4223 	7.5191
0.66450 	5.0948 	2.4239 	7.5187
0.66500 	5.094 	2.4272 	7.5212
0.66550 	5.0919 	2.4290 	7.5209
0.66600 	5.0879 	2.4299 	7.5178
0.66650 	5.0839 	2.4302 	7.5141
0.66700 	5.0793 	2.4300 	7.5093
0.66750 	5.0737 	2.4288 	7.5025
0.66800 	5.0698 	2.4291 	7.4989
0.66850 	5.0686 	2.4322 	7.5008
0.66900 	5.0666 	2.4341 	7.5007
0.66950 	5.0638 	2.4353 	7.4991
0.67000 	5.0608 	2.4362 	7.497
0.67050 	5.0581 	2.4370 	7.4951
0.67100 	5.055 	2.4378 	7.4928
0.67150 	5.052 	2.4387 	7.4907
0.67200 	5.0499 	2.4406 	7.4905
0.67250 	5.0491 	2.4438 	7.4929
0.67300 	5.0468 	2.4455 	7.4923
0.67350 	5.0434 	2.4465 	7.4899
0.67400 	5.0394 	2.4467 	7.4861
0.67450 	5.0347 	2.4463 	7.481
0.67500 	5.0312 	2.4466 	7.4778
0.67550 	5.0284 	2.4475 	7.4759
0.67600 	5.027 	2.4498 	7.4768
0.67650 	5.0258 	2.4529 	7.4787
0.67700 	5.0228 	2.4544 	7.4772
0.67750 	5.0198 	2.4555 	7.4753
0.67800 	5.0164 	2.4564 	7.4728
0.67850 	5.0132 	2.4572 	7.4704
0.67900 	5.0101 	2.4580 	7.4681
0.67950 	5.0076 	2.4590 	7.4666
0.68000 	5.0066 	2.4619 	7.4685
0.68050 	5.0058 	2.4649 	7.4707
0.68100 	5.0038 	2.4668 	7.4706
0.68150 	5.0008 	2.4679 	7.4687
0.68200 	4.9966 	2.4681 	7.4647
0.68250 	4.9924 	2.4685 	7.4609
0.68300 	4.9887 	2.4691 	7.4578
0.68350 	4.9855 	2.4700 	7.4555
0.68400 	4.9841 	2.4728 	7.4569
0.68450 	4.9834 	2.4763 	7.4597
0.68500 	4.9812 	2.4783 	7.4595
0.68550 	4.9788 	2.4798 	7.4586
0.68600 	4.976 	2.4811 	7.4571
0.68650 	4.9731 	2.4822 	7.4553
0.68700 	4.97 	2.4832 	7.4532
0.68750 	4.9673 	2.4845 	7.4518
0.68800 	4.9666 	2.4877 	7.4543
0.68850 	4.9658 	2.4912 	7.457
0.68900 	4.9634 	2.4932 	7.4566
0.68950 	4.96 	2.4945 	7.4545
0.69000 	4.956 	2.4953 	7.4513
0.69050 	4.9523 	2.4962 	7.4485
0.69100 	4.9487 	2.4971 	7.4458
0.69150 	4.9453 	2.4982 	7.4435
0.69200 	4.9435 	2.5008 	7.4443
0.69250 	4.9479 	2.5055 	7.4534
0.69300 	4.9511 	2.5087 	7.4598
0.69350 	4.9522 	2.5116 	7.4638
0.69400 	4.9524 	2.5143 	7.4667
0.69450 	4.9516 	2.5169 	7.4685
0.69500 	4.9507 	2.5195 	7.4702
0.69550 	4.9496 	2.5224 	7.472
0.69600 	4.9488 	2.5262 	7.475
0.69650 	4.9513 	2.5333 	7.4846
0.69700 	4.9511 	2.5380 	7.4891
0.69750 	4.95 	2.5422 	7.4922
0.69800 	4.9487 	2.5464 	7.4951
0.69850 	4.9472 	2.5504 	7.4976
0.69900 	4.9455 	2.5545 	7.5
0.69950 	4.944 	2.5589 	7.5029
0.70000 	4.9433 	2.5641 	7.5074
0.70050 	4.9465 	2.5733 	7.5198
0.70100 	4.947 	2.5801 	7.5271
0.70150 	4.9462 	2.5862 	7.5324
0.70200 	4.9453 	2.5922 	7.5375
0.70250 	4.9444 	2.5982 	7.5426
0.70300 	4.9433 	2.6041 	7.5474
0.70350 	4.9422 	2.6100 	7.5522
0.70400 	4.942 	2.6170 	7.559
0.70450 	4.9455 	2.6277 	7.5732
0.70500 	4.9472 	2.6368 	7.584
0.70550 	4.9477 	2.6451 	7.5928
0.70600 	4.9474 	2.6530 	7.6004
0.70650 	4.9467 	2.6609 	7.6076
0.70700 	4.9455 	2.6687 	7.6142
0.70750 	4.9446 	2.6766 	7.6212
0.70800 	4.9456 	2.6864 	7.632
0.70850 	4.9491 	2.6985 	7.6476
0.70900 	4.953 	2.7111 	7.6641
0.70950 	4.955 	2.7224 	7.6774
0.71000 	4.9568 	2.7336 	7.6904
0.71050 	4.9583 	2.7449 	7.7032
0.71100 	4.9597 	2.7564 	7.7161
0.71150 	4.9614 	2.7683 	7.7297
0.71200 	4.9649 	2.7825 	7.7474
0.71250 	4.9703 	2.7986 	7.7689
0.71300 	4.9765 	2.8152 	7.7917
0.71350 	4.9821 	2.8319 	7.814
0.71400 	4.9873 	2.8486 	7.8359
0.71450 	4.9925 	2.8656 	7.8581
0.71500 	4.9983 	2.8835 	7.8818
0.71550 	5.006 	2.9038 	7.9098
0.71600 	5.0159 	2.9268 	7.9427
0.71650 	5.0274 	2.9515 	7.9789
0.71700 	5.0416 	2.9790 	8.0206
0.71750 	5.0569 	3.0080 	8.0649
0.71800 	5.0746 	3.0403 	8.1149
0.71850 	5.0961 	3.0770 	8.1731
0.71900 	5.1245 	3.1212 	8.2457
0.71950 	5.164 	3.1773 	8.3413
0.72000 	5.2279 	3.2594 	8.4873
0.72050 	5.3645 	3.4157 	8.7802
0.72100 	5.328 	3.3987 	8.7267
0.72150 	5.3004 	3.3917 	8.6921
0.72200 	5.2802 	3.3896 	8.6698
0.72250 	5.2565 	3.3838 	8.6403
0.72300 	5.2461 	3.3909 	8.637
0.72350 	5.2218 	3.3859 	8.6077
0.72400 	5.1971 	3.3805 	8.5776
0.72450 	5.1688 	3.3722 	8.541
0.72500 	5.1445 	3.3675 	8.512
0.72550 	5.1153 	3.3585 	8.4738
0.72600 	5.0935 	3.3559 	8.4494
0.72650 	5.0696 	3.3508 	8.4204
0.72700 	5.0396 	3.3418 	8.3814
0.72750 	4.909 	3.2384 	8.1474
0.72800 	4.8414 	3.1892 	8.0306
0.72850 	4.7733 	3.1426 	7.9159
0.72900 	4.7043 	3.0974 	7.8017
0.72950 	4.6565 	3.0704 	7.7269
0.73000 	4.61 	3.0429 	7.6529
0.73050 	4.5704 	3.0208 	7.5912
0.73100 	4.5361 	3.0037 	7.5398
0.73150 	4.5021 	2.9865 	7.4886
0.73200 	4.4711 	2.9714 	7.4425
0.73250 	4.4433 	2.9603 	7.4036
0.73300 	4.4155 	2.9487 	7.3642
0.73350 	4.3884 	2.9375 	7.3259
0.73400 	4.359 	2.9249 	7.2839
0.73450 	4.3335 	2.9157 	7.2492
0.73500 	4.3099 	2.9081 	7.218
0.73550 	4.2861 	2.8998 	7.1859
0.73600 	4.2639 	2.8931 	7.157
0.73650 	4.2433 	2.8878 	7.1311
0.73700 	4.2226 	2.8817 	7.1043
0.73750 	4.204 	2.8775 	7.0815
0.73800 	4.1881 	2.8763 	7.0644
0.73850 	4.1718 	2.8743 	7.0461
0.73900 	4.155 	2.8708 	7.0258
0.73950 	4.1391 	2.8693 	7.0084
0.74000 	4.1246 	2.8694 	6.994
0.74050 	4.1099 	2.8692 	6.9791
0.74100 	4.0945 	2.8674 	6.9619
0.74150 	4.0815 	2.8683 	6.9498
0.74200 	4.0714 	2.8719 	6.9433
0.74250 	4.0636 	2.8775 	6.9411
0.74300 	4.0554 	2.8822 	6.9376
0.74350 	4.0485 	2.8883 	6.9368
0.74400 	4.0449 	2.8973 	6.9422
0.74450 	4.0414 	2.9054 	6.9468
0.74500 	4.0233 	2.8987 	6.922
0.74550 	4.0093 	2.8959 	6.9052
0.74600 	3.9926 	2.8907 	6.8833
0.74650 	3.9823 	2.8911 	6.8734
0.74700 	3.9693 	2.8879 	6.8572
0.74750 	3.9602 	2.8880 	6.8482
0.74800 	3.955 	2.8930 	6.848
0.74850 	3.9453 	2.8910 	6.8363
0.74900 	3.938 	2.8910 	6.829
0.74950 	3.9365 	2.8965 	6.833
0.75000 	3.9297 	2.8976 	6.8273
0.75050 	3.9225 	2.8970 	6.8195
0.75100 	3.9167 	2.8977 	6.8144
0.75150 	3.9152 	2.9019 	6.8171
0.75200 	3.9135 	2.9091 	6.8226
0.75250 	3.9154 	2.9201 	6.8355
0.75300 	3.9106 	2.9211 	6.8317
0.75350 	3.902 	2.9211 	6.8231
0.75400 	3.8957 	2.9238 	6.8195
0.75450 	3.8827 	2.9200 	6.8027
0.75500 	3.8744 	2.9225 	6.7969
0.75550 	3.8735 	2.9351 	6.8086
0.75600 	3.8784 	2.9593 	6.8377
0.75650 	3.8908 	3.0023 	6.8931
0.75700 	3.8871 	2.9975 	6.8846
0.75750 	3.8889 	2.9952 	6.8841
0.75800 	3.8924 	2.9960 	6.8884
0.75850 	3.8861 	2.9855 	6.8716
0.75900 	3.892 	2.9885 	6.8805
0.75950 	3.9083 	3.0030 	6.9113
0.76000 	3.9264 	3.0149 	6.9413
0.76050 	3.933 	3.0156 	6.9486
0.76100 	3.9419 	3.0190 	6.9609
0.76150 	3.9384 	3.0087 	6.9471
0.76200 	3.9452 	3.0073 	6.9525
0.76250 	3.9541 	3.0068 	6.9609
0.76300 	3.9664 	3.0117 	6.9781
0.76350 	3.977 	3.0140 	6.991
0.76400 	3.9861 	3.0104 	6.9965
0.76450 	3.9953 	3.0107 	7.006
0.76500 	4.005 	3.0082 	7.0132
0.76550 	4.02 	3.0116 	7.0316
0.76600 	4.039 	3.0157 	7.0547
0.76650 	4.0603 	3.0199 	7.0802
0.76700 	4.0831 	3.0271 	7.1102
0.76750 	4.1057 	3.0350 	7.1407
0.76800 	4.1315 	3.0404 	7.1719
0.76850 	4.1622 	3.0528 	7.215
0.76900 	4.1917 	3.0604 	7.2521
0.76950 	4.2311 	3.0703 	7.3014
0.77000 	4.275 	3.0840 	7.359
0.77050 	4.3264 	3.1046 	7.431
0.77100 	4.3809 	3.1243 	7.5052
0.77150 	4.4613 	3.1684 	7.6297
0.77200 	4.5601 	3.2104 	7.7705
0.77250 	4.7631 	3.3379 	8.101
0.77300 	4.7503 	3.1217 	7.872
0.77350 	4.6828 	2.9843 	7.6671
0.77400 	4.6407 	2.9199 	7.5606
0.77450 	4.5864 	2.8386 	7.425
0.77500 	4.5515 	2.7702 	7.3217
0.77550 	4.521 	2.7273 	7.2483
0.77600 	4.4883 	2.6781 	7.1664
0.77650 	4.4612 	2.6386 	7.0998
0.77700 	4.4328 	2.5933 	7.0261
0.77750 	4.4144 	2.5620 	6.9764
0.77800 	4.3819 	2.5177 	6.8996
0.77850 	4.3549 	2.4829 	6.8378
0.77900 	4.33 	2.4480 	6.778
0.77950 	4.3076 	2.4115 	6.7191
0.78000 	4.2881 	2.3846 	6.6727
0.78050 	4.2612 	2.3508 	6.612
0.78100 	4.2346 	2.3162 	6.5508
0.78150 	4.2111 	2.2876 	6.4987
0.78200 	4.1901 	2.2584 	6.4485
0.78250 	4.1682 	2.2278 	6.396
0.78300 	4.1504 	2.2024 	6.3528
0.78350 	4.1334 	2.1746 	6.308
0.78400 	4.1068 	2.1444 	6.2512
0.78450 	4.0788 	2.1173 	6.1961
0.78500 	4.065 	2.0940 	6.159
0.78550 	3.9299 	2.0420 	5.9719
0.78600 	3.8559 	2.0035 	5.8594
0.78650 	3.795 	1.9692 	5.7642
0.78700 	3.7369 	1.9361 	5.673
0.78750 	3.6908 	1.9048 	5.5956
0.78800 	3.6479 	1.8755 	5.5234
0.78850 	3.6064 	1.8466 	5.453
0.78900 	3.5652 	1.8185 	5.3837
0.78950 	3.5273 	1.7913 	5.3186
0.79000 	3.4957 	1.7662 	5.2619
0.79050 	3.4624 	1.7406 	5.203
0.79100 	3.4292 	1.7152 	5.1444
0.79150 	3.3976 	1.6905 	5.0881
0.79200 	3.3661 	1.6657 	5.0318
0.79250 	3.3374 	1.6415 	4.9789
0.79300 	3.3117 	1.6198 	4.9315
0.79350 	3.2844 	1.5981 	4.8825
0.79400 	3.2559 	1.5743 	4.8302
0.79450 	3.228 	1.5505 	4.7785
0.79500 	3.2022 	1.5280 	4.7302
0.79550 	3.1794 	1.5070 	4.6864
0.79600 	3.1571 	1.4858 	4.6429
0.79650 	3.1332 	1.4644 	4.5976
0.79700 	3.1072 	1.4430 	4.5502
0.79750 	3.0815 	1.4211 	4.5026
0.79800 	3.0571 	1.3997 	4.4568
0.79850 	3.0347 	1.3791 	4.4138
0.79900 	3.0156 	1.3594 	4.375
0.79950 	2.995 	1.3400 	4.335
0.80000 	2.9736 	1.3202 	4.2938
0.80050 	2.9517 	1.2997 	4.2514
0.80100 	2.933 	1.2809 	4.2139
0.80150 	2.9138 	1.2622 	4.176
0.80200 	2.8914 	1.2417 	4.1331
0.80250 	2.8747 	1.2221 	4.0968
0.80300 	2.8572 	1.2043 	4.0615
0.80350 	2.8405 	1.1875 	4.028
0.80400 	2.8242 	1.1693 	3.9935
0.80450 	2.8033 	1.1488 	3.9521
0.80500 	2.7876 	1.1314 	3.919
0.80550 	2.7796 	1.1250 	3.9046
0.80600 	2.7192 	1.0557 	3.7749
0.80650 	2.6866 	1.0220 	3.7086
0.80700 	2.6608 	0.9922 	3.653
0.80750 	2.6388 	0.9653 	3.6041
0.80800 	2.6131 	0.9413 	3.5544
0.80850 	2.5987 	0.9232 	3.5219
0.80900 	2.5246 	0.8908 	3.4154
0.80950 	2.3942 	0.8681 	3.2623
0.81000 	2.31 	0.8480 	3.158
0.81050 	2.249 	0.8298 	3.0788
0.81100 	2.1933 	0.8112 	3.0045
0.81150 	2.1407 	0.7923 	2.933
0.81200 	2.0953 	0.7737 	2.869
0.81250 	2.0536 	0.7581 	2.8117
0.81300 	2.0122 	0.7418 	2.754
0.81350 	1.9706 	0.7237 	2.6943
0.81400 	1.9362 	0.7101 	2.6463
0.81450 	1.9032 	0.6969 	2.6001
0.81500 	1.8705 	0.6843 	2.5548
0.81550 	1.8391 	0.6723 	2.5114
0.81600 	1.8103 	0.6586 	2.4689
0.81650 	1.7845 	0.6464 	2.4309
0.81700 	1.7596 	0.6352 	2.3948
0.81750 	1.7347 	0.6236 	2.3583
0.81800 	1.7105 	0.6124 	2.3229
0.81850 	1.6878 	0.6020 	2.2898
0.81900 	1.6675 	0.5932 	2.2607
0.81950 	1.6526 	0.5891 	2.2417
0.82000 	1.64 	0.5878 	2.2278
0.82050 	1.627 	0.5844 	2.2114
0.82100 	1.6149 	0.5817 	2.1966
0.82150 	1.6032 	0.5791 	2.1823
0.82200 	1.5926 	0.5760 	2.1686
0.82250 	1.5833 	0.5740 	2.1573
0.82300 	1.5756 	0.5730 	2.1486
0.82350 	1.5703 	0.5736 	2.1439
0.82400 	1.5692 	0.5777 	2.1469
0.82450 	1.5664 	0.5800 	2.1464
0.82500 	1.5646 	0.5834 	2.148
0.82550 	1.5721 	0.5949 	2.167
0.82600 	1.5777 	0.6019 	2.1796
0.82650 	1.5987 	0.6245 	2.2232
0.82700 	1.6093 	0.6394 	2.2487
0.82750 	1.5995 	0.6350 	2.2345
0.82800 	1.5917 	0.6314 	2.2231
0.82850 	1.5847 	0.6307 	2.2154
0.82900 	1.579 	0.6329 	2.2119
0.82950 	1.5795 	0.6407 	2.2202
0.83000 	1.5663 	0.6269 	2.1932
0.83050 	1.5559 	0.6164 	2.1723
0.83100 	1.5446 	0.6026 	2.1472
0.83150 	1.5261 	0.5792 	2.1053
0.83200 	1.5116 	0.5635 	2.0751
0.83250 	1.5007 	0.5512 	2.0519
0.83300 	1.4911 	0.5396 	2.0307
0.83350 	1.4826 	0.5289 	2.0115
0.83400 	1.4746 	0.5189 	1.9935
0.83450 	1.4668 	0.5092 	1.976
0.83500 	1.4626 	0.5023 	1.9649
0.83550 	1.4564 	0.4933 	1.9497
0.83600 	1.4513 	0.4846 	1.9359
0.83650 	1.4528 	0.4855 	1.9383
0.83700 	1.4412 	0.4616 	1.9028
0.83750 	1.4395 	0.4511 	1.8906
0.83800 	1.45 	0.4430 	1.893
0.83850 	1.3578 	0.4354 	1.7932
0.83900 	1.3543 	0.4293 	1.7836
0.83950 	1.348 	0.4202 	1.7682
0.84000 	1.3415 	0.4121 	1.7536
0.84050 	1.3376 	0.4069 	1.7445
0.84100 	1.335 	0.4024 	1.7374
0.84150 	1.3333 	0.3988 	1.7321
0.84200 	1.3282 	0.3927 	1.7209
0.84250 	1.3239 	0.3876 	1.7115
0.84300 	1.3225 	0.3841 	1.7066
0.84350 	1.3224 	0.3817 	1.7041
0.84400 	1.3207 	0.3783 	1.699
0.84450 	1.3211 	0.3758 	1.6969
0.84500 	1.3193 	0.3723 	1.6916
0.84550 	1.3188 	0.3698 	1.6886
0.84600 	1.3203 	0.3680 	1.6883
0.84650 	1.3213 	0.3661 	1.6874
0.84700 	1.3235 	0.3645 	1.688
0.84750 	1.3246 	0.3624 	1.687
0.84800 	1.3278 	0.3611 	1.6889
0.84850 	1.3341 	0.3608 	1.6949
0.84900 	1.3409 	0.3606 	1.7015
0.84950 	1.3464 	0.3600 	1.7064
0.85000 	1.3534 	0.3596 	1.713
0.85050 	1.3637 	0.3599 	1.7236
0.85100 	1.3878 	0.3625 	1.7503
0.85150 	1.4201 	0.3661 	1.7862
0.85200 	1.4569 	0.3692 	1.8261
0.85250 	1.6079 	0.3780 	1.9859
0.85300 	1.688 	0.3814 	2.0694
0.85350 	1.6476 	0.3805 	2.0281
0.85400 	1.6373 	0.3825 	2.0198
0.85450 	1.6395 	0.3842 	2.0237
0.85500 	1.6488 	0.3867 	2.0355
0.85550 	1.6714 	0.3906 	2.062
0.85600 	1.6955 	0.3948 	2.0903
0.85650 	1.7183 	0.3987 	2.117
0.85700 	1.7491 	0.4040 	2.1531
0.85750 	1.7877 	0.4103 	2.198
0.85800 	1.8197 	0.4163 	2.236
0.85850 	1.8667 	0.4242 	2.2909
0.85900 	1.9012 	0.4317 	2.3329
0.85950 	1.9225 	0.4389 	2.3614
0.86000 	1.9178 	0.4421 	2.3599
0.86050 	1.9167 	0.4454 	2.3621
0.86100 	1.9182 	0.4489 	2.3671
0.86150 	1.9075 	0.4494 	2.3569
0.86200 	1.8099 	0.4306 	2.2405
0.86250 	1.6619 	0.4000 	2.0619
0.86300 	1.5688 	0.3809 	1.9497
0.86350 	1.4831 	0.3632 	1.8463
0.86400 	1.4384 	0.3543 	1.7927
0.86450 	1.3937 	0.3453 	1.739
0.86500 	1.3499 	0.3363 	1.6862
0.86550 	1.3084 	0.3277 	1.6361
0.86600 	1.2674 	0.3191 	1.5865
0.86650 	1.2347 	0.3122 	1.5469
0.86700 	1.2076 	0.3066 	1.5142
0.86750 	1.1811 	0.3011 	1.4822
0.86800 	1.1551 	0.2956 	1.4507
0.86850 	1.1292 	0.2901 	1.4193
0.86900 	1.1031 	0.2844 	1.3875
0.86950 	1.0772 	0.2787 	1.3559
0.87000 	1.0529 	0.2733 	1.3262
0.87050 	1.0329 	0.2690 	1.3019
0.87100 	1.0149 	0.2651 	1.28
0.87150 	0.9968 	0.2611 	1.2579
0.87200 	0.9783 	0.2570 	1.2353
0.87250 	0.9595 	0.2528 	1.2123
0.87300 	0.9418 	0.2488 	1.1906
0.87350 	0.924 	0.2447 	1.1687
0.87400 	0.9064 	0.2407 	1.1471
0.87450 	0.8895 	0.2368 	1.1263
0.87500 	0.8725 	0.2328 	1.1053
0.87550 	0.858 	0.2295 	1.0875
0.87600 	0.8445 	0.2263 	1.0708
0.87650 	0.8309 	0.2232 	1.0541
0.87700 	0.8174 	0.2200 	1.0374
0.87750 	0.8038 	0.2168 	1.0206
0.87800 	0.79 	0.2135 	1.0035
0.87850 	0.7759 	0.2101 	0.986
0.87900 	0.763 	0.2070 	0.97
0.87950 	0.7505 	0.2040 	0.9545
0.88000 	0.738 	0.2010 	0.939
0.88050 	0.7257 	0.1980 	0.9237
0.88100 	0.7135 	0.1950 	0.9085
0.88150 	0.7023 	0.1922 	0.8945
0.88200 	0.6915 	0.1896 	0.8811
0.88250 	0.6811 	0.1870 	0.8681
0.88300 	0.6705 	0.1844 	0.8549
0.88350 	0.6597 	0.1817 	0.8414
0.88400 	0.6491 	0.1790 	0.8281
0.88450 	0.6389 	0.1765 	0.8154
0.88500 	0.6286 	0.1739 	0.8025
0.88550 	0.6185 	0.1713 	0.7898
0.88600 	0.6087 	0.1688 	0.7775
0.88650 	0.599 	0.1664 	0.7654
0.88700 	0.5894 	0.1639 	0.7533
0.88750 	0.5802 	0.1615 	0.7417
0.88800 	0.5709 	0.1591 	0.73
0.88850 	0.5619 	0.1568 	0.7187
0.88900 	0.553 	0.1544 	0.7074
0.88950 	0.5448 	0.1523 	0.6971
0.89000 	0.5367 	0.1502 	0.6869
0.89050 	0.5286 	0.1481 	0.6767
0.89100 	0.5204 	0.1459 	0.6663
0.89150 	0.5122 	0.1438 	0.656
0.89200 	0.5039 	0.1416 	0.6455
0.89250 	0.4956 	0.1394 	0.635
0.89300 	0.4875 	0.1372 	0.6247
0.89350 	0.4798 	0.1351 	0.6149
0.89400 	0.472 	0.1330 	0.605
0.89450 	0.4645 	0.1310 	0.5955
0.89500 	0.4576 	0.1291 	0.5867
0.89550 	0.4504 	0.1272 	0.5776
0.89600 	0.4433 	0.1252 	0.5685
0.89650 	0.4363 	0.1233 	0.5596
0.89700 	0.4294 	0.1215 	0.5509
0.89750 	0.4228 	0.1196 	0.5424
0.89800 	0.4161 	0.1178 	0.5339
0.89850 	0.4094 	0.1160 	0.5254
0.89900 	0.4025 	0.1141 	0.5166
0.89950 	0.3957 	0.1122 	0.5079
0.90000 	0.3891 	0.1103 	0.4994
0.90050 	0.3827 	0.1085 	0.4912
0.90100 	0.3763 	0.1068 	0.4831
0.90150 	0.3705 	0.1051 	0.4756
0.90200 	0.3647 	0.1035 	0.4682
0.90250 	0.3589 	0.1019 	0.4608
0.90300 	0.3531 	0.1002 	0.4533
0.90350 	0.3471 	0.0986 	0.4457
0.90400 	0.3411 	0.0968 	0.4379
0.90450 	0.335 	0.0951 	0.4301
0.90500 	0.3292 	0.0935 	0.4227
0.90550 	0.3235 	0.0918 	0.4153
0.90600 	0.3183 	0.0904 	0.4087
0.90650 	0.3131 	0.0889 	0.402
0.90700 	0.308 	0.0874 	0.3954
0.90750 	0.3027 	0.0859 	0.3886
0.90800 	0.2974 	0.0844 	0.3818
0.90850 	0.2921 	0.0829 	0.375
0.90900 	0.2869 	0.0813 	0.3682
0.90950 	0.2814 	0.0797 	0.3611
0.91000 	0.2765 	0.0783 	0.3548
0.91050 	0.2716 	0.0769 	0.3485
0.91100 	0.2668 	0.0755 	0.3423
0.91150 	0.2622 	0.0742 	0.3364
0.91200 	0.2575 	0.0728 	0.3303
0.91250 	0.2528 	0.0714 	0.3242
0.91300 	0.2482 	0.0701 	0.3183
0.91350 	0.2436 	0.0687 	0.3123
0.91400 	0.239 	0.0673 	0.3063
0.91450 	0.2345 	0.0660 	0.3005
0.91500 	0.2301 	0.0647 	0.2948
0.91550 	0.2257 	0.0634 	0.2891
0.91600 	0.2211 	0.0621 	0.2832
0.91650 	0.2169 	0.0608 	0.2777
0.91700 	0.2127 	0.0596 	0.2723
0.91750 	0.2086 	0.0584 	0.267
0.91800 	0.2045 	0.0572 	0.2617
0.91850 	0.2002 	0.0559 	0.2561
0.91900 	0.1963 	0.0547 	0.251
0.91950 	0.1925 	0.0536 	0.2461
0.92000 	0.1887 	0.0524 	0.2411
0.92050 	0.1848 	0.0513 	0.2361
0.92100 	0.1808 	0.0501 	0.2309
0.92150 	0.1768 	0.0489 	0.2257
0.92200 	0.173 	0.0477 	0.2207
0.92250 	0.1693 	0.0467 	0.216
0.92300 	0.1657 	0.0456 	0.2113
0.92350 	0.162 	0.0445 	0.2065
0.92400 	0.1584 	0.0434 	0.2018
0.92450 	0.1549 	0.0423 	0.1972
0.92500 	0.1514 	0.0413 	0.1927
0.92550 	0.148 	0.0403 	0.1883
0.92600 	0.1445 	0.0392 	0.1837
0.92650 	0.141 	0.0382 	0.1792
0.92700 	0.1375 	0.0371 	0.1746
0.92750 	0.1343 	0.0362 	0.1705
0.92800 	0.131 	0.0351 	0.1661
0.92850 	0.1278 	0.0342 	0.162
0.92900 	0.1248 	0.0333 	0.1581
0.92950 	0.1217 	0.0324 	0.1541
0.93000 	0.1185 	0.0314 	0.1499
0.93050 	0.1152 	0.0305 	0.1457
0.93100 	0.112 	0.0295 	0.1415
0.93150 	0.109 	0.0286 	0.1376
0.93200 	0.1055 	0.0276 	0.1331
0.93250 	0.1025 	0.0267 	0.1292
0.93300 	0.0996 	0.0258 	0.1254
0.93350 	0.0969 	0.0250 	0.1219
0.93400 	0.0943 	0.0242 	0.1185
0.93450 	0.0915 	0.0234 	0.1149
0.93500 	0.0888 	0.0226 	0.1114
0.93550 	0.0857 	0.0217 	0.1074
0.93600 	0.0826 	0.0208 	0.1034
0.93650 	0.0795 	0.0199 	0.0994
0.93700 	0.0767 	0.0191 	0.0958
0.93750 	0.0743 	0.0184 	0.0927
0.93800 	0.072 	0.0178 	0.0898
0.93850 	0.0692 	0.0170 	0.0862
0.93900 	0.0661 	0.0161 	0.0822
0.93950 	0.0631 	0.0153 	0.0784
0.94000 	0.0602 	0.0144 	0.0746
0.94050 	0.0576 	0.0137 	0.0713
0.94100 	0.0552 	0.0131 	0.0683
0.94150 	0.0529 	0.0124 	0.0653
0.94200 	0.0503 	0.0117 	0.062
0.94250 	0.0473 	0.0110 	0.0583
0.94300 	0.0444 	0.0102 	0.0546
0.94350 	0.0413 	0.0094 	0.0507
0.94400 	0.0385 	0.0087 	0.0472
0.94450 	0.0351 	0.0078 	0.0429
0.94500 	0.0323 	0.0071 	0.0394
0.94550 	0.0299 	0.0065 	0.0364
0.94600 	0.0264 	0.0057 	0.0321
0.94650 	0.0218 	0.0046 	0.0264
0.94700 	0.0195 	0.0041 	0.0236
0.94750 	0.0129 	0.0027 	0.0156
0.94800 	0.0042 	0.0008 	0.005
0.94850 	0.0003 	0.0001 	0.0004
0.94900 	0 	0.0000 	0
0.94950 	0 	0.0000 	0
0.95000 	0 	0.0000 	0
0.95050 	0 	0.0000 	0
0.95100 	0 	0.0000 	0
0.95150 	0 	0.0000 	0
0.95200 	0 	0.0000 	0
0.95250 	0 	0.0000 	0
0.95300 	0 	0.0000 	0
0.95350 	0 	0.0000 	0
0.95400 	0 	0.0000 	0
0.95450 	0 	0.0000 	0
0.95500 	0 	0.0000 	0
0.95550 	0 	0.0000 	0
0.95600 	0 	0.0000 	0
0.95650 	0 	0.0000 	0
0.95700 	0 	0.0000 	0
0.95750 	0 	0.0000 	0
0.95800 	0 	0.0000 	0
0.95850 	0 	0.0000 	0
0.95900 	0 	0.0000 	0
0.95950 	0 	0.0000 	0
0.96000 	0 	0.0000 	0
0.96050 	0 	0.0000 	0
0.96100 	0 	0.0000 	0
0.96150 	0 	0.0000 	0
0.96200 	0 	0.0000 	0
0.96250 	0 	0.0000 	0
0.96300 	0 	0.0000 	0
0.96350 	0 	0.0000 	0
0.96400 	0 	0.0000 	0
0.96450 	0 	0.0000 	0
0.96500 	0 	0.0000 	0
0.96550 	0 	0.0000 	0
0.96600 	0 	0.0000 	0
0.96650 	0 	0.0000 	0
0.96700 	0 	0.0000 	0
0.96750 	0 	0.0000 	0
0.96800 	0 	0.0000 	0
0.96850 	0 	0.0000 	0
0.96900 	0 	0.0000 	0
0.96950 	0 	0.0000 	0
0.97000 	0 	0.0000 	0
0.97050 	0 	0.0000 	0
0.97100 	0 	0.0000 	0
0.97150 	0 	0.0000 	0
0.97200 	0 	0.0000 	0
0.97250 	0 	0.0000 	0
0.97300 	0 	0.0000 	0
0.97350 	0 	0.0000 	0
0.97400 	0 	0.0000 	0
0.97450 	0 	0.0000 	0
0.97500 	0 	0.0000 	0
0.97550 	0 	0.0000 	0
0.97600 	0 	0.0000 	0
0.97650 	0 	0.0000 	0
0.97700 	0 	0.0000 	0
0.97750 	0 	0.0000 	0
0.97800 	0 	0.0000 	0
0.97850 	0 	0.0000 	0
0.97900 	0 	0.0000 	0
0.97950 	0 	0.0000 	0
0.98000 	0 	0.0000 	0
0.98050 	0 	0.0000 	0
0.98100 	0 	0.0000 	0
0.98150 	0 	0.0000 	0
0.98200 	0 	0.0000 	0
0.98250 	0 	0.0000 	0
0.98300 	0 	0.0000 	0
0.98350 	0 	0.0000 	0
0.98400 	0 	0.0000 	0
0.98450 	0 	0.0000 	0
0.98500 	0 	0.0000 	0
0.98550 	0 	0.0000 	0
0.98600 	0 	0.0000 	0
0.98650 	0 	0.0000 	0
0.98700 	0 	0.0000 	0
0.98750 	0 	0.0000 	0
0.98800 	0 	0.0000 	0
0.98850 	0 	0.0000 	0
0.98900 	0 	0.0000 	0
0.98950 	0 	0.0000 	0
0.99000 	0 	0.0000 	0
0.99050 	0 	0.0000 	0
0.99100 	0 	0.0000 	0
0.99150 	0 	0.0000 	0
0.99200 	0 	0.0000 	0
0.99250 	0 	0.0000 	0
0.99300 	0 	0.0000 	0
0.99350 	0 	0.0000 	0
0.99400 	0 	0.0000 	0
0.99450 	0 	0.0000 	0
0.99500 	0 	0.0000 	0
0.99550 	0 	0.0000 	0
0.99600 	0 	0.0000 	0
0.99650 	0 	0.0000 	0
0.99700 	0 	0.0000 	0
0.99750 	0 	0.0000 	0
0.99800 	0 	0.0000 	0
0.99850 	0 	0.0000 	0
0.99900 	0 	0.0000 	0
0.99950 	0 	0.0000 	0
1.00000 	0 	0.0000 	0
